[INFO ] 2019-11-19 10:27:28 [main] [com.metlife.ams.CheckfsApplication] ====message: Starting CheckfsApplication on CNSZIDCXD0108 with PID 13520 (D:\JavaDevelopment\eclipse\workspace\checkfs\target\classes started by change in D:\JavaDevelopment\eclipse\workspace\checkfs)
[INFO ] 2019-11-19 10:27:28 [main] [com.metlife.ams.CheckfsApplication] ====message: The following profiles are active: prod
[INFO ] 2019-11-19 10:27:28 [main] [o.s.b.w.e.tomcat.TomcatWebServer] ====message: Tomcat initialized with port(s): 8080 (http)
[INFO ] 2019-11-19 10:27:28 [main] [o.a.coyote.http11.Http11NioProtocol] ====message: Initializing ProtocolHandler ["http-nio-8080"]
[INFO ] 2019-11-19 10:27:28 [main] [o.a.catalina.core.StandardService] ====message: Starting service [Tomcat]
[INFO ] 2019-11-19 10:27:28 [main] [o.a.catalina.core.StandardEngine] ====message: Starting Servlet engine: [Apache Tomcat/9.0.21]
[INFO ] 2019-11-19 10:27:28 [main] [o.a.c.c.C.[Tomcat].[localhost].[/]] ====message: Initializing Spring embedded WebApplicationContext
[INFO ] 2019-11-19 10:27:28 [main] [o.s.web.context.ContextLoader] ====message: Root WebApplicationContext: initialization completed in 4669 ms
[INFO ] 2019-11-19 10:27:28 [main] [o.s.s.c.ThreadPoolTaskExecutor] ====message: Initializing ExecutorService 'applicationTaskExecutor'
[INFO ] 2019-11-19 10:27:28 [main] [org.quartz.impl.StdSchedulerFactory] ====message: Using default implementation for ThreadExecutor
[INFO ] 2019-11-19 10:27:28 [main] [o.quartz.core.SchedulerSignalerImpl] ====message: Initialized Scheduler Signaller of type: class org.quartz.core.SchedulerSignalerImpl
[INFO ] 2019-11-19 10:27:28 [main] [org.quartz.core.QuartzScheduler] ====message: Quartz Scheduler v.2.3.1 created.
[INFO ] 2019-11-19 10:27:28 [main] [org.quartz.simpl.RAMJobStore] ====message: RAMJobStore initialized.
[INFO ] 2019-11-19 10:27:28 [main] [org.quartz.core.QuartzScheduler] ====message: Scheduler meta-data: Quartz Scheduler (v2.3.1) 'quartzScheduler' with instanceId 'NON_CLUSTERED'
  Scheduler class: 'org.quartz.core.QuartzScheduler' - running locally.
  NOT STARTED.
  Currently in standby mode.
  Number of jobs executed: 0
  Using thread pool 'org.quartz.simpl.SimpleThreadPool' - with 10 threads.
  Using job-store 'org.quartz.simpl.RAMJobStore' - which does not support persistence. and is not clustered.

[INFO ] 2019-11-19 10:27:28 [main] [org.quartz.impl.StdSchedulerFactory] ====message: Quartz scheduler 'quartzScheduler' initialized from an externally provided properties instance.
[INFO ] 2019-11-19 10:27:28 [main] [org.quartz.impl.StdSchedulerFactory] ====message: Quartz scheduler version: 2.3.1
[INFO ] 2019-11-19 10:27:28 [main] [org.quartz.core.QuartzScheduler] ====message: JobFactory set to: org.springframework.scheduling.quartz.SpringBeanJobFactory@447c09
[INFO ] 2019-11-19 10:27:28 [main] [o.s.s.c.ThreadPoolTaskScheduler] ====message: Initializing ExecutorService 'taskScheduler'
[INFO ] 2019-11-19 10:27:28 [main] [o.s.s.quartz.SchedulerFactoryBean] ====message: Starting Quartz Scheduler now
[INFO ] 2019-11-19 10:27:28 [main] [org.quartz.core.QuartzScheduler] ====message: Scheduler quartzScheduler_$_NON_CLUSTERED started.
[INFO ] 2019-11-19 10:27:28 [main] [o.a.coyote.http11.Http11NioProtocol] ====message: Starting ProtocolHandler ["http-nio-8080"]
[INFO ] 2019-11-19 10:27:28 [main] [o.s.b.w.e.tomcat.TomcatWebServer] ====message: Tomcat started on port(s): 8080 (http) with context path ''
[INFO ] 2019-11-19 10:27:28 [main] [com.metlife.ams.CheckfsApplication] ====message: Started CheckfsApplication in 10.847 seconds (JVM running for 20.433)
[INFO ] 2019-11-19 10:27:28 [http-nio-8080-exec-2] [o.a.c.c.C.[Tomcat].[localhost].[/]] ====message: Initializing Spring DispatcherServlet 'dispatcherServlet'
[INFO ] 2019-11-19 10:27:28 [http-nio-8080-exec-2] [o.s.web.servlet.DispatcherServlet] ====message: Initializing Servlet 'dispatcherServlet'
[INFO ] 2019-11-19 10:27:28 [http-nio-8080-exec-2] [o.s.web.servlet.DispatcherServlet] ====message: Completed initialization in 53 ms
[INFO ] 2019-11-19 10:27:28 [http-nio-8080-exec-4] [com.metlife.ams.service.FSService] ====message: select top 1 fssize,fileLocal from fsrecords(nolock) where makedate like '2019-11-19%'
[INFO ] 2019-11-19 10:27:28 [http-nio-8080-exec-4] [com.metlife.ams.service.FSService] ====message: 文件校验为空
[INFO ] 2019-11-19 10:27:28 [RMI TCP Connection(2)-127.0.0.1] [o.s.b.a.SpringApplicationAdminMXBeanRegistrar$SpringApplicationAdmin] ====message: Application shutdown requested.
[INFO ] 2019-11-19 10:27:28 [RMI TCP Connection(2)-127.0.0.1] [org.quartz.core.QuartzScheduler] ====message: Scheduler quartzScheduler_$_NON_CLUSTERED paused.
[INFO ] 2019-11-19 10:27:28 [RMI TCP Connection(2)-127.0.0.1] [o.s.s.c.ThreadPoolTaskScheduler] ====message: Shutting down ExecutorService 'taskScheduler'
[INFO ] 2019-11-19 10:27:28 [RMI TCP Connection(2)-127.0.0.1] [o.s.s.quartz.SchedulerFactoryBean] ====message: Shutting down Quartz Scheduler
[INFO ] 2019-11-19 10:27:28 [RMI TCP Connection(2)-127.0.0.1] [org.quartz.core.QuartzScheduler] ====message: Scheduler quartzScheduler_$_NON_CLUSTERED shutting down.
[INFO ] 2019-11-19 10:27:28 [RMI TCP Connection(2)-127.0.0.1] [org.quartz.core.QuartzScheduler] ====message: Scheduler quartzScheduler_$_NON_CLUSTERED paused.
[INFO ] 2019-11-19 10:27:28 [RMI TCP Connection(2)-127.0.0.1] [org.quartz.core.QuartzScheduler] ====message: Scheduler quartzScheduler_$_NON_CLUSTERED shutdown complete.
[INFO ] 2019-11-19 10:27:28 [RMI TCP Connection(2)-127.0.0.1] [o.s.s.c.ThreadPoolTaskExecutor] ====message: Shutting down ExecutorService 'applicationTaskExecutor'
[INFO ] 2019-11-19 10:35:23 [main] [com.metlife.ams.CheckfsApplication] ====message: Starting CheckfsApplication on CNSZIDCXD0108 with PID 10440 (D:\JavaDevelopment\eclipse\workspace\checkfs\target\classes started by change in D:\JavaDevelopment\eclipse\workspace\checkfs)
[INFO ] 2019-11-19 10:35:23 [main] [com.metlife.ams.CheckfsApplication] ====message: The following profiles are active: prod
[INFO ] 2019-11-19 10:35:23 [main] [o.s.b.w.e.tomcat.TomcatWebServer] ====message: Tomcat initialized with port(s): 8080 (http)
[INFO ] 2019-11-19 10:35:23 [main] [o.a.coyote.http11.Http11NioProtocol] ====message: Initializing ProtocolHandler ["http-nio-8080"]
[INFO ] 2019-11-19 10:35:23 [main] [o.a.catalina.core.StandardService] ====message: Starting service [Tomcat]
[INFO ] 2019-11-19 10:35:23 [main] [o.a.catalina.core.StandardEngine] ====message: Starting Servlet engine: [Apache Tomcat/9.0.21]
[INFO ] 2019-11-19 10:35:23 [main] [o.a.c.c.C.[Tomcat].[localhost].[/]] ====message: Initializing Spring embedded WebApplicationContext
[INFO ] 2019-11-19 10:35:23 [main] [o.s.web.context.ContextLoader] ====message: Root WebApplicationContext: initialization completed in 2579 ms
[INFO ] 2019-11-19 10:35:23 [main] [o.s.s.c.ThreadPoolTaskExecutor] ====message: Initializing ExecutorService 'applicationTaskExecutor'
[INFO ] 2019-11-19 10:35:23 [main] [org.quartz.impl.StdSchedulerFactory] ====message: Using default implementation for ThreadExecutor
[INFO ] 2019-11-19 10:35:23 [main] [o.quartz.core.SchedulerSignalerImpl] ====message: Initialized Scheduler Signaller of type: class org.quartz.core.SchedulerSignalerImpl
[INFO ] 2019-11-19 10:35:23 [main] [org.quartz.core.QuartzScheduler] ====message: Quartz Scheduler v.2.3.1 created.
[INFO ] 2019-11-19 10:35:23 [main] [org.quartz.simpl.RAMJobStore] ====message: RAMJobStore initialized.
[INFO ] 2019-11-19 10:35:23 [main] [org.quartz.core.QuartzScheduler] ====message: Scheduler meta-data: Quartz Scheduler (v2.3.1) 'quartzScheduler' with instanceId 'NON_CLUSTERED'
  Scheduler class: 'org.quartz.core.QuartzScheduler' - running locally.
  NOT STARTED.
  Currently in standby mode.
  Number of jobs executed: 0
  Using thread pool 'org.quartz.simpl.SimpleThreadPool' - with 10 threads.
  Using job-store 'org.quartz.simpl.RAMJobStore' - which does not support persistence. and is not clustered.

[INFO ] 2019-11-19 10:35:23 [main] [org.quartz.impl.StdSchedulerFactory] ====message: Quartz scheduler 'quartzScheduler' initialized from an externally provided properties instance.
[INFO ] 2019-11-19 10:35:23 [main] [org.quartz.impl.StdSchedulerFactory] ====message: Quartz scheduler version: 2.3.1
[INFO ] 2019-11-19 10:35:23 [main] [org.quartz.core.QuartzScheduler] ====message: JobFactory set to: org.springframework.scheduling.quartz.SpringBeanJobFactory@1efda6c
[INFO ] 2019-11-19 10:35:23 [main] [o.s.s.c.ThreadPoolTaskScheduler] ====message: Initializing ExecutorService 'taskScheduler'
[INFO ] 2019-11-19 10:35:23 [main] [o.s.s.quartz.SchedulerFactoryBean] ====message: Starting Quartz Scheduler now
[INFO ] 2019-11-19 10:35:23 [main] [org.quartz.core.QuartzScheduler] ====message: Scheduler quartzScheduler_$_NON_CLUSTERED started.
[INFO ] 2019-11-19 10:35:23 [main] [o.a.coyote.http11.Http11NioProtocol] ====message: Starting ProtocolHandler ["http-nio-8080"]
[INFO ] 2019-11-19 10:35:23 [main] [o.s.b.w.e.tomcat.TomcatWebServer] ====message: Tomcat started on port(s): 8080 (http) with context path ''
[INFO ] 2019-11-19 10:35:23 [main] [com.metlife.ams.CheckfsApplication] ====message: Started CheckfsApplication in 5.484 seconds (JVM running for 7.085)
[INFO ] 2019-11-19 10:35:23 [http-nio-8080-exec-2] [o.a.c.c.C.[Tomcat].[localhost].[/]] ====message: Initializing Spring DispatcherServlet 'dispatcherServlet'
[INFO ] 2019-11-19 10:35:23 [http-nio-8080-exec-2] [o.s.web.servlet.DispatcherServlet] ====message: Initializing Servlet 'dispatcherServlet'
[INFO ] 2019-11-19 10:35:23 [http-nio-8080-exec-2] [o.s.web.servlet.DispatcherServlet] ====message: Completed initialization in 21 ms
[INFO ] 2019-11-19 11:01:22 [main] [com.metlife.ams.CheckfsApplication] ====message: Starting CheckfsApplication on CNSZIDCXD0108 with PID 10268 (D:\JavaDevelopment\eclipse\workspace\checkfs\target\classes started by change in D:\JavaDevelopment\eclipse\workspace\checkfs)
[INFO ] 2019-11-19 11:01:22 [main] [com.metlife.ams.CheckfsApplication] ====message: The following profiles are active: prod
[INFO ] 2019-11-19 11:01:22 [main] [o.s.b.w.e.tomcat.TomcatWebServer] ====message: Tomcat initialized with port(s): 8080 (http)
[INFO ] 2019-11-19 11:01:22 [main] [o.a.coyote.http11.Http11NioProtocol] ====message: Initializing ProtocolHandler ["http-nio-8080"]
[INFO ] 2019-11-19 11:01:22 [main] [o.a.catalina.core.StandardService] ====message: Starting service [Tomcat]
[INFO ] 2019-11-19 11:01:22 [main] [o.a.catalina.core.StandardEngine] ====message: Starting Servlet engine: [Apache Tomcat/9.0.21]
[INFO ] 2019-11-19 11:01:22 [main] [o.a.c.c.C.[Tomcat].[localhost].[/]] ====message: Initializing Spring embedded WebApplicationContext
[INFO ] 2019-11-19 11:01:22 [main] [o.s.web.context.ContextLoader] ====message: Root WebApplicationContext: initialization completed in 2601 ms
[INFO ] 2019-11-19 11:01:22 [main] [o.s.s.c.ThreadPoolTaskExecutor] ====message: Initializing ExecutorService 'applicationTaskExecutor'
[INFO ] 2019-11-19 11:01:22 [main] [org.quartz.impl.StdSchedulerFactory] ====message: Using default implementation for ThreadExecutor
[INFO ] 2019-11-19 11:01:22 [main] [o.quartz.core.SchedulerSignalerImpl] ====message: Initialized Scheduler Signaller of type: class org.quartz.core.SchedulerSignalerImpl
[INFO ] 2019-11-19 11:01:22 [main] [org.quartz.core.QuartzScheduler] ====message: Quartz Scheduler v.2.3.1 created.
[INFO ] 2019-11-19 11:01:22 [main] [org.quartz.simpl.RAMJobStore] ====message: RAMJobStore initialized.
[INFO ] 2019-11-19 11:01:22 [main] [org.quartz.core.QuartzScheduler] ====message: Scheduler meta-data: Quartz Scheduler (v2.3.1) 'quartzScheduler' with instanceId 'NON_CLUSTERED'
  Scheduler class: 'org.quartz.core.QuartzScheduler' - running locally.
  NOT STARTED.
  Currently in standby mode.
  Number of jobs executed: 0
  Using thread pool 'org.quartz.simpl.SimpleThreadPool' - with 10 threads.
  Using job-store 'org.quartz.simpl.RAMJobStore' - which does not support persistence. and is not clustered.

[INFO ] 2019-11-19 11:01:22 [main] [org.quartz.impl.StdSchedulerFactory] ====message: Quartz scheduler 'quartzScheduler' initialized from an externally provided properties instance.
[INFO ] 2019-11-19 11:01:22 [main] [org.quartz.impl.StdSchedulerFactory] ====message: Quartz scheduler version: 2.3.1
[INFO ] 2019-11-19 11:01:22 [main] [org.quartz.core.QuartzScheduler] ====message: JobFactory set to: org.springframework.scheduling.quartz.SpringBeanJobFactory@195f1e1
[INFO ] 2019-11-19 11:01:22 [main] [o.s.s.c.ThreadPoolTaskScheduler] ====message: Initializing ExecutorService 'taskScheduler'
[INFO ] 2019-11-19 11:01:22 [main] [o.s.s.quartz.SchedulerFactoryBean] ====message: Starting Quartz Scheduler now
[INFO ] 2019-11-19 11:01:22 [main] [org.quartz.core.QuartzScheduler] ====message: Scheduler quartzScheduler_$_NON_CLUSTERED started.
[INFO ] 2019-11-19 11:01:22 [main] [o.a.coyote.http11.Http11NioProtocol] ====message: Starting ProtocolHandler ["http-nio-8080"]
[INFO ] 2019-11-19 11:01:22 [main] [o.s.b.w.e.tomcat.TomcatWebServer] ====message: Tomcat started on port(s): 8080 (http) with context path ''
[INFO ] 2019-11-19 11:01:22 [main] [com.metlife.ams.CheckfsApplication] ====message: Started CheckfsApplication in 5.437 seconds (JVM running for 6.846)
[INFO ] 2019-11-19 11:01:22 [http-nio-8080-exec-1] [o.a.c.c.C.[Tomcat].[localhost].[/]] ====message: Initializing Spring DispatcherServlet 'dispatcherServlet'
[INFO ] 2019-11-19 11:01:22 [http-nio-8080-exec-1] [o.s.web.servlet.DispatcherServlet] ====message: Initializing Servlet 'dispatcherServlet'
[INFO ] 2019-11-19 11:01:22 [http-nio-8080-exec-1] [o.s.web.servlet.DispatcherServlet] ====message: Completed initialization in 14 ms
[INFO ] 2019-11-19 13:38:21 [main] [com.metlife.ams.CheckfsApplication] ====message: Starting CheckfsApplication on CNSZIDCXD0108 with PID 13128 (D:\JavaDevelopment\eclipse\workspace\checkfs\target\classes started by change in D:\JavaDevelopment\eclipse\workspace\checkfs)
[INFO ] 2019-11-19 13:38:21 [main] [com.metlife.ams.CheckfsApplication] ====message: The following profiles are active: prod
[INFO ] 2019-11-19 13:38:21 [main] [o.s.b.w.e.tomcat.TomcatWebServer] ====message: Tomcat initialized with port(s): 8080 (http)
[INFO ] 2019-11-19 13:38:21 [main] [o.a.coyote.http11.Http11NioProtocol] ====message: Initializing ProtocolHandler ["http-nio-8080"]
[INFO ] 2019-11-19 13:38:21 [main] [o.a.catalina.core.StandardService] ====message: Starting service [Tomcat]
[INFO ] 2019-11-19 13:38:21 [main] [o.a.catalina.core.StandardEngine] ====message: Starting Servlet engine: [Apache Tomcat/9.0.21]
[INFO ] 2019-11-19 13:38:21 [main] [o.a.c.c.C.[Tomcat].[localhost].[/]] ====message: Initializing Spring embedded WebApplicationContext
[INFO ] 2019-11-19 13:38:21 [main] [o.s.web.context.ContextLoader] ====message: Root WebApplicationContext: initialization completed in 3698 ms
[INFO ] 2019-11-19 13:38:21 [main] [o.s.s.c.ThreadPoolTaskExecutor] ====message: Initializing ExecutorService 'applicationTaskExecutor'
[INFO ] 2019-11-19 13:38:21 [main] [org.quartz.impl.StdSchedulerFactory] ====message: Using default implementation for ThreadExecutor
[INFO ] 2019-11-19 13:38:21 [main] [o.quartz.core.SchedulerSignalerImpl] ====message: Initialized Scheduler Signaller of type: class org.quartz.core.SchedulerSignalerImpl
[INFO ] 2019-11-19 13:38:21 [main] [org.quartz.core.QuartzScheduler] ====message: Quartz Scheduler v.2.3.1 created.
[INFO ] 2019-11-19 13:38:21 [main] [org.quartz.simpl.RAMJobStore] ====message: RAMJobStore initialized.
[INFO ] 2019-11-19 13:38:21 [main] [org.quartz.core.QuartzScheduler] ====message: Scheduler meta-data: Quartz Scheduler (v2.3.1) 'quartzScheduler' with instanceId 'NON_CLUSTERED'
  Scheduler class: 'org.quartz.core.QuartzScheduler' - running locally.
  NOT STARTED.
  Currently in standby mode.
  Number of jobs executed: 0
  Using thread pool 'org.quartz.simpl.SimpleThreadPool' - with 10 threads.
  Using job-store 'org.quartz.simpl.RAMJobStore' - which does not support persistence. and is not clustered.

[INFO ] 2019-11-19 13:38:21 [main] [org.quartz.impl.StdSchedulerFactory] ====message: Quartz scheduler 'quartzScheduler' initialized from an externally provided properties instance.
[INFO ] 2019-11-19 13:38:21 [main] [org.quartz.impl.StdSchedulerFactory] ====message: Quartz scheduler version: 2.3.1
[INFO ] 2019-11-19 13:38:21 [main] [org.quartz.core.QuartzScheduler] ====message: JobFactory set to: org.springframework.scheduling.quartz.SpringBeanJobFactory@14ba1ae
[INFO ] 2019-11-19 13:38:21 [main] [o.s.s.c.ThreadPoolTaskScheduler] ====message: Initializing ExecutorService 'taskScheduler'
[INFO ] 2019-11-19 13:38:21 [main] [o.s.s.quartz.SchedulerFactoryBean] ====message: Starting Quartz Scheduler now
[INFO ] 2019-11-19 13:38:21 [main] [org.quartz.core.QuartzScheduler] ====message: Scheduler quartzScheduler_$_NON_CLUSTERED started.
[INFO ] 2019-11-19 13:38:21 [main] [o.a.coyote.http11.Http11NioProtocol] ====message: Starting ProtocolHandler ["http-nio-8080"]
[INFO ] 2019-11-19 13:38:21 [main] [o.s.b.w.e.tomcat.TomcatWebServer] ====message: Tomcat started on port(s): 8080 (http) with context path ''
[INFO ] 2019-11-19 13:38:21 [main] [com.metlife.ams.CheckfsApplication] ====message: Started CheckfsApplication in 7.972 seconds (JVM running for 9.798)
[INFO ] 2019-11-19 13:38:21 [http-nio-8080-exec-1] [o.a.c.c.C.[Tomcat].[localhost].[/]] ====message: Initializing Spring DispatcherServlet 'dispatcherServlet'
[INFO ] 2019-11-19 13:38:21 [http-nio-8080-exec-1] [o.s.web.servlet.DispatcherServlet] ====message: Initializing Servlet 'dispatcherServlet'
[INFO ] 2019-11-19 13:38:21 [http-nio-8080-exec-1] [o.s.web.servlet.DispatcherServlet] ====message: Completed initialization in 17 ms
[INFO ] 2019-11-19 14:45:40 [main] [com.metlife.ams.CheckfsApplication] ====message: Starting CheckfsApplication on CNSZIDCXD0108 with PID 11796 (D:\JavaDevelopment\eclipse\workspace\checkfs\target\classes started by change in D:\JavaDevelopment\eclipse\workspace\checkfs)
[INFO ] 2019-11-19 14:45:40 [main] [com.metlife.ams.CheckfsApplication] ====message: The following profiles are active: prod
[INFO ] 2019-11-19 14:45:40 [main] [o.s.b.w.e.tomcat.TomcatWebServer] ====message: Tomcat initialized with port(s): 8080 (http)
[INFO ] 2019-11-19 14:45:40 [main] [o.a.coyote.http11.Http11NioProtocol] ====message: Initializing ProtocolHandler ["http-nio-8080"]
[INFO ] 2019-11-19 14:45:40 [main] [o.a.catalina.core.StandardService] ====message: Starting service [Tomcat]
[INFO ] 2019-11-19 14:45:40 [main] [o.a.catalina.core.StandardEngine] ====message: Starting Servlet engine: [Apache Tomcat/9.0.21]
[INFO ] 2019-11-19 14:45:40 [main] [o.a.c.c.C.[Tomcat].[localhost].[/]] ====message: Initializing Spring embedded WebApplicationContext
[INFO ] 2019-11-19 14:45:40 [main] [o.s.web.context.ContextLoader] ====message: Root WebApplicationContext: initialization completed in 3933 ms
[INFO ] 2019-11-19 14:45:40 [main] [o.s.s.c.ThreadPoolTaskExecutor] ====message: Initializing ExecutorService 'applicationTaskExecutor'
[INFO ] 2019-11-19 14:45:40 [main] [org.quartz.impl.StdSchedulerFactory] ====message: Using default implementation for ThreadExecutor
[INFO ] 2019-11-19 14:45:40 [main] [o.quartz.core.SchedulerSignalerImpl] ====message: Initialized Scheduler Signaller of type: class org.quartz.core.SchedulerSignalerImpl
[INFO ] 2019-11-19 14:45:40 [main] [org.quartz.core.QuartzScheduler] ====message: Quartz Scheduler v.2.3.1 created.
[INFO ] 2019-11-19 14:45:40 [main] [org.quartz.simpl.RAMJobStore] ====message: RAMJobStore initialized.
[INFO ] 2019-11-19 14:45:40 [main] [org.quartz.core.QuartzScheduler] ====message: Scheduler meta-data: Quartz Scheduler (v2.3.1) 'quartzScheduler' with instanceId 'NON_CLUSTERED'
  Scheduler class: 'org.quartz.core.QuartzScheduler' - running locally.
  NOT STARTED.
  Currently in standby mode.
  Number of jobs executed: 0
  Using thread pool 'org.quartz.simpl.SimpleThreadPool' - with 10 threads.
  Using job-store 'org.quartz.simpl.RAMJobStore' - which does not support persistence. and is not clustered.

[INFO ] 2019-11-19 14:45:40 [main] [org.quartz.impl.StdSchedulerFactory] ====message: Quartz scheduler 'quartzScheduler' initialized from an externally provided properties instance.
[INFO ] 2019-11-19 14:45:40 [main] [org.quartz.impl.StdSchedulerFactory] ====message: Quartz scheduler version: 2.3.1
[INFO ] 2019-11-19 14:45:40 [main] [org.quartz.core.QuartzScheduler] ====message: JobFactory set to: org.springframework.scheduling.quartz.SpringBeanJobFactory@1b414
[INFO ] 2019-11-19 14:45:40 [main] [o.s.s.c.ThreadPoolTaskScheduler] ====message: Initializing ExecutorService 'taskScheduler'
[INFO ] 2019-11-19 14:45:40 [main] [o.s.s.quartz.SchedulerFactoryBean] ====message: Starting Quartz Scheduler now
[INFO ] 2019-11-19 14:45:40 [main] [org.quartz.core.QuartzScheduler] ====message: Scheduler quartzScheduler_$_NON_CLUSTERED started.
[INFO ] 2019-11-19 14:45:40 [main] [o.a.coyote.http11.Http11NioProtocol] ====message: Starting ProtocolHandler ["http-nio-8080"]
[INFO ] 2019-11-19 14:45:40 [main] [o.s.b.w.e.tomcat.TomcatWebServer] ====message: Tomcat started on port(s): 8080 (http) with context path ''
[INFO ] 2019-11-19 14:45:40 [main] [com.metlife.ams.CheckfsApplication] ====message: Started CheckfsApplication in 8.462 seconds (JVM running for 10.336)
[INFO ] 2019-11-19 14:45:40 [http-nio-8080-exec-1] [o.a.c.c.C.[Tomcat].[localhost].[/]] ====message: Initializing Spring DispatcherServlet 'dispatcherServlet'
[INFO ] 2019-11-19 14:45:40 [http-nio-8080-exec-1] [o.s.web.servlet.DispatcherServlet] ====message: Initializing Servlet 'dispatcherServlet'
[INFO ] 2019-11-19 14:45:40 [http-nio-8080-exec-1] [o.s.web.servlet.DispatcherServlet] ====message: Completed initialization in 15 ms
[INFO ] 2019-11-19 14:45:40 [scheduling-1] [com.metlife.ams.service.FSService] ====message: select top 1 fssize,fileLocal from fsrecords(nolock) where makedate like '2019-11-19%'
[INFO ] 2019-11-19 14:45:40 [scheduling-1] [com.metlife.ams.service.FSService] ====message: 应上传11条
[INFO ] 2019-11-19 14:45:40 [scheduling-1] [com.metlife.ams.service.FSService] ====message: /app/WebSphere/AppServer/usr/servers/CDR/dropins/GPWebServiceEB.war/WEB-INF/classes/1-FundSwitchFile/PORTINT2019111901REQ.txt
[INFO ] 2019-11-19 14:45:40 [scheduling-1] [com.metlife.ams.service.FSService] ====message: 文件校验为空
