[INFO ] 2019-07-30 10:07:45 [main] [com.metlife.ams.CheckfsApplication] ====message: Starting CheckfsApplication on CNSZIDCXD0108 with PID 43220 (D:\JavaDevelopment\eclipse\workspace\checkfs\target\classes started by change in D:\JavaDevelopment\eclipse\workspace\checkfs)
[INFO ] 2019-07-30 10:07:45 [main] [com.metlife.ams.CheckfsApplication] ====message: The following profiles are active: uat
[INFO ] 2019-07-30 10:07:45 [main] [o.s.b.w.e.tomcat.TomcatWebServer] ====message: Tomcat initialized with port(s): 8080 (http)
[INFO ] 2019-07-30 10:07:45 [main] [o.a.coyote.http11.Http11NioProtocol] ====message: Initializing ProtocolHandler ["http-nio-8080"]
[INFO ] 2019-07-30 10:07:45 [main] [o.a.catalina.core.StandardService] ====message: Starting service [Tomcat]
[INFO ] 2019-07-30 10:07:45 [main] [o.a.catalina.core.StandardEngine] ====message: Starting Servlet engine: [Apache Tomcat/9.0.21]
[INFO ] 2019-07-30 10:07:45 [main] [o.a.c.c.C.[Tomcat].[localhost].[/]] ====message: Initializing Spring embedded WebApplicationContext
[INFO ] 2019-07-30 10:07:45 [main] [o.s.web.context.ContextLoader] ====message: Root WebApplicationContext: initialization completed in 2313 ms
[INFO ] 2019-07-30 10:07:45 [main] [o.s.s.c.ThreadPoolTaskExecutor] ====message: Initializing ExecutorService 'applicationTaskExecutor'
[INFO ] 2019-07-30 10:07:45 [main] [org.quartz.impl.StdSchedulerFactory] ====message: Using default implementation for ThreadExecutor
[INFO ] 2019-07-30 10:07:45 [main] [o.quartz.core.SchedulerSignalerImpl] ====message: Initialized Scheduler Signaller of type: class org.quartz.core.SchedulerSignalerImpl
[INFO ] 2019-07-30 10:07:45 [main] [org.quartz.core.QuartzScheduler] ====message: Quartz Scheduler v.2.3.1 created.
[INFO ] 2019-07-30 10:07:45 [main] [org.quartz.simpl.RAMJobStore] ====message: RAMJobStore initialized.
[INFO ] 2019-07-30 10:07:45 [main] [org.quartz.core.QuartzScheduler] ====message: Scheduler meta-data: Quartz Scheduler (v2.3.1) 'quartzScheduler' with instanceId 'NON_CLUSTERED'
  Scheduler class: 'org.quartz.core.QuartzScheduler' - running locally.
  NOT STARTED.
  Currently in standby mode.
  Number of jobs executed: 0
  Using thread pool 'org.quartz.simpl.SimpleThreadPool' - with 10 threads.
  Using job-store 'org.quartz.simpl.RAMJobStore' - which does not support persistence. and is not clustered.

[INFO ] 2019-07-30 10:07:45 [main] [org.quartz.impl.StdSchedulerFactory] ====message: Quartz scheduler 'quartzScheduler' initialized from an externally provided properties instance.
[INFO ] 2019-07-30 10:07:45 [main] [org.quartz.impl.StdSchedulerFactory] ====message: Quartz scheduler version: 2.3.1
[INFO ] 2019-07-30 10:07:45 [main] [org.quartz.core.QuartzScheduler] ====message: JobFactory set to: org.springframework.scheduling.quartz.SpringBeanJobFactory@19e3cb4
[INFO ] 2019-07-30 10:07:45 [main] [o.s.s.c.ThreadPoolTaskScheduler] ====message: Initializing ExecutorService 'taskScheduler'
[INFO ] 2019-07-30 10:07:45 [main] [o.s.s.quartz.SchedulerFactoryBean] ====message: Starting Quartz Scheduler now
[INFO ] 2019-07-30 10:07:45 [main] [org.quartz.core.QuartzScheduler] ====message: Scheduler quartzScheduler_$_NON_CLUSTERED started.
[INFO ] 2019-07-30 10:07:45 [main] [o.a.coyote.http11.Http11NioProtocol] ====message: Starting ProtocolHandler ["http-nio-8080"]
[INFO ] 2019-07-30 10:07:45 [main] [o.a.coyote.http11.Http11NioProtocol] ====message: Pausing ProtocolHandler ["http-nio-8080"]
[INFO ] 2019-07-30 10:07:45 [main] [o.a.catalina.core.StandardService] ====message: Stopping service [Tomcat]
[INFO ] 2019-07-30 10:07:45 [main] [o.apache.catalina.util.LifecycleBase] ====message: The stop() method was called on component [StandardServer[-1]] after stop() had already been called. The second call will be ignored.
[INFO ] 2019-07-30 10:07:45 [main] [o.a.coyote.http11.Http11NioProtocol] ====message: Stopping ProtocolHandler ["http-nio-8080"]
[INFO ] 2019-07-30 10:07:45 [main] [o.a.coyote.http11.Http11NioProtocol] ====message: Destroying ProtocolHandler ["http-nio-8080"]
[INFO ] 2019-07-30 10:07:45 [main] [org.quartz.core.QuartzScheduler] ====message: Scheduler quartzScheduler_$_NON_CLUSTERED paused.
[INFO ] 2019-07-30 10:07:45 [main] [o.s.s.c.ThreadPoolTaskScheduler] ====message: Shutting down ExecutorService 'taskScheduler'
[INFO ] 2019-07-30 10:07:45 [main] [o.s.s.quartz.SchedulerFactoryBean] ====message: Shutting down Quartz Scheduler
[INFO ] 2019-07-30 10:07:45 [main] [org.quartz.core.QuartzScheduler] ====message: Scheduler quartzScheduler_$_NON_CLUSTERED shutting down.
[INFO ] 2019-07-30 10:07:45 [main] [org.quartz.core.QuartzScheduler] ====message: Scheduler quartzScheduler_$_NON_CLUSTERED paused.
[INFO ] 2019-07-30 10:07:45 [main] [org.quartz.core.QuartzScheduler] ====message: Scheduler quartzScheduler_$_NON_CLUSTERED shutdown complete.
[INFO ] 2019-07-30 10:07:45 [main] [o.s.s.c.ThreadPoolTaskExecutor] ====message: Shutting down ExecutorService 'applicationTaskExecutor'
[INFO ] 2019-07-30 10:10:16 [main] [com.metlife.ams.CheckfsApplication] ====message: Starting CheckfsApplication on CNSZIDCXD0108 with PID 54168 (D:\JavaDevelopment\eclipse\workspace\checkfs\target\classes started by change in D:\JavaDevelopment\eclipse\workspace\checkfs)
[INFO ] 2019-07-30 10:10:16 [main] [com.metlife.ams.CheckfsApplication] ====message: The following profiles are active: uat
[INFO ] 2019-07-30 10:10:16 [main] [o.s.b.w.e.tomcat.TomcatWebServer] ====message: Tomcat initialized with port(s): 8080 (http)
[INFO ] 2019-07-30 10:10:16 [main] [o.a.coyote.http11.Http11NioProtocol] ====message: Initializing ProtocolHandler ["http-nio-8080"]
[INFO ] 2019-07-30 10:10:16 [main] [o.a.catalina.core.StandardService] ====message: Starting service [Tomcat]
[INFO ] 2019-07-30 10:10:16 [main] [o.a.catalina.core.StandardEngine] ====message: Starting Servlet engine: [Apache Tomcat/9.0.21]
[INFO ] 2019-07-30 10:10:16 [main] [o.a.c.c.C.[Tomcat].[localhost].[/]] ====message: Initializing Spring embedded WebApplicationContext
[INFO ] 2019-07-30 10:10:16 [main] [o.s.web.context.ContextLoader] ====message: Root WebApplicationContext: initialization completed in 2486 ms
[INFO ] 2019-07-30 10:10:16 [main] [o.s.s.c.ThreadPoolTaskExecutor] ====message: Initializing ExecutorService 'applicationTaskExecutor'
[INFO ] 2019-07-30 10:10:16 [main] [org.quartz.impl.StdSchedulerFactory] ====message: Using default implementation for ThreadExecutor
[INFO ] 2019-07-30 10:10:16 [main] [o.quartz.core.SchedulerSignalerImpl] ====message: Initialized Scheduler Signaller of type: class org.quartz.core.SchedulerSignalerImpl
[INFO ] 2019-07-30 10:10:16 [main] [org.quartz.core.QuartzScheduler] ====message: Quartz Scheduler v.2.3.1 created.
[INFO ] 2019-07-30 10:10:16 [main] [org.quartz.simpl.RAMJobStore] ====message: RAMJobStore initialized.
[INFO ] 2019-07-30 10:10:16 [main] [org.quartz.core.QuartzScheduler] ====message: Scheduler meta-data: Quartz Scheduler (v2.3.1) 'quartzScheduler' with instanceId 'NON_CLUSTERED'
  Scheduler class: 'org.quartz.core.QuartzScheduler' - running locally.
  NOT STARTED.
  Currently in standby mode.
  Number of jobs executed: 0
  Using thread pool 'org.quartz.simpl.SimpleThreadPool' - with 10 threads.
  Using job-store 'org.quartz.simpl.RAMJobStore' - which does not support persistence. and is not clustered.

[INFO ] 2019-07-30 10:10:16 [main] [org.quartz.impl.StdSchedulerFactory] ====message: Quartz scheduler 'quartzScheduler' initialized from an externally provided properties instance.
[INFO ] 2019-07-30 10:10:16 [main] [org.quartz.impl.StdSchedulerFactory] ====message: Quartz scheduler version: 2.3.1
[INFO ] 2019-07-30 10:10:16 [main] [org.quartz.core.QuartzScheduler] ====message: JobFactory set to: org.springframework.scheduling.quartz.SpringBeanJobFactory@72a6cc
[INFO ] 2019-07-30 10:10:16 [main] [o.s.s.c.ThreadPoolTaskScheduler] ====message: Initializing ExecutorService 'taskScheduler'
[INFO ] 2019-07-30 10:10:16 [main] [o.s.s.quartz.SchedulerFactoryBean] ====message: Starting Quartz Scheduler now
[INFO ] 2019-07-30 10:10:16 [main] [org.quartz.core.QuartzScheduler] ====message: Scheduler quartzScheduler_$_NON_CLUSTERED started.
[INFO ] 2019-07-30 10:10:16 [main] [o.a.coyote.http11.Http11NioProtocol] ====message: Starting ProtocolHandler ["http-nio-8080"]
[INFO ] 2019-07-30 10:10:16 [main] [o.s.b.w.e.tomcat.TomcatWebServer] ====message: Tomcat started on port(s): 8080 (http) with context path ''
[INFO ] 2019-07-30 10:10:16 [main] [com.metlife.ams.CheckfsApplication] ====message: Started CheckfsApplication in 4.892 seconds (JVM running for 6.859)
[INFO ] 2019-07-30 10:10:16 [scheduling-1] [com.metlife.ams.service.FSService] ====message: select top 1 fileLocal from fsrecords where makedate like '2019-07-30%'
[INFO ] 2019-07-30 10:10:16 [scheduling-1] [com.metlife.ams.service.FSService] ====message: 今天是：2019年07月30日，星期3数据库没有记录，可能不是基金交易日
[INFO ] 2019-07-30 10:17:41 [main] [com.metlife.ams.CheckfsApplication] ====message: Starting CheckfsApplication on CNSZIDCXD0108 with PID 53132 (D:\JavaDevelopment\eclipse\workspace\checkfs\target\classes started by change in D:\JavaDevelopment\eclipse\workspace\checkfs)
[INFO ] 2019-07-30 10:17:41 [main] [com.metlife.ams.CheckfsApplication] ====message: The following profiles are active: uat
[INFO ] 2019-07-30 10:17:41 [main] [o.s.b.w.e.tomcat.TomcatWebServer] ====message: Tomcat initialized with port(s): 8080 (http)
[INFO ] 2019-07-30 10:17:41 [main] [o.a.coyote.http11.Http11NioProtocol] ====message: Initializing ProtocolHandler ["http-nio-8080"]
[INFO ] 2019-07-30 10:17:41 [main] [o.a.catalina.core.StandardService] ====message: Starting service [Tomcat]
[INFO ] 2019-07-30 10:17:41 [main] [o.a.catalina.core.StandardEngine] ====message: Starting Servlet engine: [Apache Tomcat/9.0.21]
[INFO ] 2019-07-30 10:17:41 [main] [o.a.c.c.C.[Tomcat].[localhost].[/]] ====message: Initializing Spring embedded WebApplicationContext
[INFO ] 2019-07-30 10:17:41 [main] [o.s.web.context.ContextLoader] ====message: Root WebApplicationContext: initialization completed in 2284 ms
[INFO ] 2019-07-30 10:17:41 [main] [o.s.s.c.ThreadPoolTaskExecutor] ====message: Initializing ExecutorService 'applicationTaskExecutor'
[INFO ] 2019-07-30 10:17:41 [main] [org.quartz.impl.StdSchedulerFactory] ====message: Using default implementation for ThreadExecutor
[INFO ] 2019-07-30 10:17:41 [main] [o.quartz.core.SchedulerSignalerImpl] ====message: Initialized Scheduler Signaller of type: class org.quartz.core.SchedulerSignalerImpl
[INFO ] 2019-07-30 10:17:41 [main] [org.quartz.core.QuartzScheduler] ====message: Quartz Scheduler v.2.3.1 created.
[INFO ] 2019-07-30 10:17:41 [main] [org.quartz.simpl.RAMJobStore] ====message: RAMJobStore initialized.
[INFO ] 2019-07-30 10:17:41 [main] [org.quartz.core.QuartzScheduler] ====message: Scheduler meta-data: Quartz Scheduler (v2.3.1) 'quartzScheduler' with instanceId 'NON_CLUSTERED'
  Scheduler class: 'org.quartz.core.QuartzScheduler' - running locally.
  NOT STARTED.
  Currently in standby mode.
  Number of jobs executed: 0
  Using thread pool 'org.quartz.simpl.SimpleThreadPool' - with 10 threads.
  Using job-store 'org.quartz.simpl.RAMJobStore' - which does not support persistence. and is not clustered.

[INFO ] 2019-07-30 10:17:41 [main] [org.quartz.impl.StdSchedulerFactory] ====message: Quartz scheduler 'quartzScheduler' initialized from an externally provided properties instance.
[INFO ] 2019-07-30 10:17:41 [main] [org.quartz.impl.StdSchedulerFactory] ====message: Quartz scheduler version: 2.3.1
[INFO ] 2019-07-30 10:17:41 [main] [org.quartz.core.QuartzScheduler] ====message: JobFactory set to: org.springframework.scheduling.quartz.SpringBeanJobFactory@3c3a01
[INFO ] 2019-07-30 10:17:41 [main] [o.s.s.c.ThreadPoolTaskScheduler] ====message: Initializing ExecutorService 'taskScheduler'
[INFO ] 2019-07-30 10:17:41 [main] [o.s.s.quartz.SchedulerFactoryBean] ====message: Starting Quartz Scheduler now
[INFO ] 2019-07-30 10:17:41 [main] [org.quartz.core.QuartzScheduler] ====message: Scheduler quartzScheduler_$_NON_CLUSTERED started.
[INFO ] 2019-07-30 10:17:41 [main] [o.a.coyote.http11.Http11NioProtocol] ====message: Starting ProtocolHandler ["http-nio-8080"]
[INFO ] 2019-07-30 10:17:41 [main] [o.a.coyote.http11.Http11NioProtocol] ====message: Pausing ProtocolHandler ["http-nio-8080"]
[INFO ] 2019-07-30 10:17:41 [main] [o.a.catalina.core.StandardService] ====message: Stopping service [Tomcat]
[INFO ] 2019-07-30 10:17:41 [main] [o.apache.catalina.util.LifecycleBase] ====message: The stop() method was called on component [StandardServer[-1]] after stop() had already been called. The second call will be ignored.
[INFO ] 2019-07-30 10:17:41 [main] [o.a.coyote.http11.Http11NioProtocol] ====message: Stopping ProtocolHandler ["http-nio-8080"]
[INFO ] 2019-07-30 10:17:41 [main] [o.a.coyote.http11.Http11NioProtocol] ====message: Destroying ProtocolHandler ["http-nio-8080"]
[INFO ] 2019-07-30 10:17:41 [main] [o.s.b.a.l.ConditionEvaluationReportLoggingListener] ====message: 

Error starting ApplicationContext. To display the conditions report re-run your application with 'debug' enabled.
[INFO ] 2019-07-30 10:17:41 [main] [org.quartz.core.QuartzScheduler] ====message: Scheduler quartzScheduler_$_NON_CLUSTERED paused.
[INFO ] 2019-07-30 10:17:41 [main] [o.s.s.c.ThreadPoolTaskScheduler] ====message: Shutting down ExecutorService 'taskScheduler'
[INFO ] 2019-07-30 10:17:41 [main] [o.s.s.quartz.SchedulerFactoryBean] ====message: Shutting down Quartz Scheduler
[INFO ] 2019-07-30 10:17:41 [main] [org.quartz.core.QuartzScheduler] ====message: Scheduler quartzScheduler_$_NON_CLUSTERED shutting down.
[INFO ] 2019-07-30 10:17:41 [main] [org.quartz.core.QuartzScheduler] ====message: Scheduler quartzScheduler_$_NON_CLUSTERED paused.
[INFO ] 2019-07-30 10:17:41 [main] [org.quartz.core.QuartzScheduler] ====message: Scheduler quartzScheduler_$_NON_CLUSTERED shutdown complete.
[INFO ] 2019-07-30 10:17:41 [main] [o.s.s.c.ThreadPoolTaskExecutor] ====message: Shutting down ExecutorService 'applicationTaskExecutor'
[INFO ] 2019-07-30 10:18:37 [main] [com.metlife.ams.CheckfsApplication] ====message: Starting CheckfsApplication on CNSZIDCXD0108 with PID 52812 (D:\JavaDevelopment\eclipse\workspace\checkfs\target\classes started by change in D:\JavaDevelopment\eclipse\workspace\checkfs)
[INFO ] 2019-07-30 10:18:37 [main] [com.metlife.ams.CheckfsApplication] ====message: The following profiles are active: uat
[INFO ] 2019-07-30 10:18:37 [main] [o.s.b.w.e.tomcat.TomcatWebServer] ====message: Tomcat initialized with port(s): 8080 (http)
[INFO ] 2019-07-30 10:18:37 [main] [o.a.coyote.http11.Http11NioProtocol] ====message: Initializing ProtocolHandler ["http-nio-8080"]
[INFO ] 2019-07-30 10:18:37 [main] [o.a.catalina.core.StandardService] ====message: Starting service [Tomcat]
[INFO ] 2019-07-30 10:18:37 [main] [o.a.catalina.core.StandardEngine] ====message: Starting Servlet engine: [Apache Tomcat/9.0.21]
[INFO ] 2019-07-30 10:18:37 [main] [o.a.c.c.C.[Tomcat].[localhost].[/]] ====message: Initializing Spring embedded WebApplicationContext
[INFO ] 2019-07-30 10:18:37 [main] [o.s.web.context.ContextLoader] ====message: Root WebApplicationContext: initialization completed in 2657 ms
[INFO ] 2019-07-30 10:18:37 [main] [o.s.s.c.ThreadPoolTaskExecutor] ====message: Initializing ExecutorService 'applicationTaskExecutor'
[INFO ] 2019-07-30 10:18:37 [main] [org.quartz.impl.StdSchedulerFactory] ====message: Using default implementation for ThreadExecutor
[INFO ] 2019-07-30 10:18:37 [main] [o.quartz.core.SchedulerSignalerImpl] ====message: Initialized Scheduler Signaller of type: class org.quartz.core.SchedulerSignalerImpl
[INFO ] 2019-07-30 10:18:37 [main] [org.quartz.core.QuartzScheduler] ====message: Quartz Scheduler v.2.3.1 created.
[INFO ] 2019-07-30 10:18:37 [main] [org.quartz.simpl.RAMJobStore] ====message: RAMJobStore initialized.
[INFO ] 2019-07-30 10:18:37 [main] [org.quartz.core.QuartzScheduler] ====message: Scheduler meta-data: Quartz Scheduler (v2.3.1) 'quartzScheduler' with instanceId 'NON_CLUSTERED'
  Scheduler class: 'org.quartz.core.QuartzScheduler' - running locally.
  NOT STARTED.
  Currently in standby mode.
  Number of jobs executed: 0
  Using thread pool 'org.quartz.simpl.SimpleThreadPool' - with 10 threads.
  Using job-store 'org.quartz.simpl.RAMJobStore' - which does not support persistence. and is not clustered.

[INFO ] 2019-07-30 10:18:37 [main] [org.quartz.impl.StdSchedulerFactory] ====message: Quartz scheduler 'quartzScheduler' initialized from an externally provided properties instance.
[INFO ] 2019-07-30 10:18:37 [main] [org.quartz.impl.StdSchedulerFactory] ====message: Quartz scheduler version: 2.3.1
[INFO ] 2019-07-30 10:18:37 [main] [org.quartz.core.QuartzScheduler] ====message: JobFactory set to: org.springframework.scheduling.quartz.SpringBeanJobFactory@121d1f9
[INFO ] 2019-07-30 10:18:37 [main] [o.s.s.c.ThreadPoolTaskScheduler] ====message: Initializing ExecutorService 'taskScheduler'
[INFO ] 2019-07-30 10:18:37 [main] [o.s.s.quartz.SchedulerFactoryBean] ====message: Starting Quartz Scheduler now
[INFO ] 2019-07-30 10:18:37 [main] [org.quartz.core.QuartzScheduler] ====message: Scheduler quartzScheduler_$_NON_CLUSTERED started.
[INFO ] 2019-07-30 10:18:37 [main] [o.a.coyote.http11.Http11NioProtocol] ====message: Starting ProtocolHandler ["http-nio-8080"]
[INFO ] 2019-07-30 10:18:37 [main] [o.s.b.w.e.tomcat.TomcatWebServer] ====message: Tomcat started on port(s): 8080 (http) with context path ''
[INFO ] 2019-07-30 10:18:37 [main] [com.metlife.ams.CheckfsApplication] ====message: Started CheckfsApplication in 5.891 seconds (JVM running for 8.233)
[INFO ] 2019-07-30 10:18:37 [scheduling-1] [com.metlife.ams.service.FSService] ====message: select top 1 fileLocal from fsrecords where makedate like '2019-07-30%'
[INFO ] 2019-07-30 10:18:37 [scheduling-1] [com.metlife.ams.service.FSService] ====message: /app/WebSphere/AppServer/usr/servers/CDR-UAT/dropins/GPWebServiceES.war/WEB-INF/classes/1-FundSwitchFile/PORTINT2019072901REQ.txt
[INFO ] 2019-07-30 10:18:37 [scheduling-1] [com.metlife.ams.service.FSService] ====message: 文件校验为空
[INFO ] 2019-07-30 10:28:40 [main] [com.metlife.ams.CheckfsApplication] ====message: Starting CheckfsApplication on CNSZIDCXD0108 with PID 23776 (D:\JavaDevelopment\eclipse\workspace\checkfs\target\classes started by change in D:\JavaDevelopment\eclipse\workspace\checkfs)
[INFO ] 2019-07-30 10:28:40 [main] [com.metlife.ams.CheckfsApplication] ====message: The following profiles are active: uat
[INFO ] 2019-07-30 10:28:40 [main] [o.s.b.w.e.tomcat.TomcatWebServer] ====message: Tomcat initialized with port(s): 8080 (http)
[INFO ] 2019-07-30 10:28:40 [main] [o.a.coyote.http11.Http11NioProtocol] ====message: Initializing ProtocolHandler ["http-nio-8080"]
[INFO ] 2019-07-30 10:28:40 [main] [o.a.catalina.core.StandardService] ====message: Starting service [Tomcat]
[INFO ] 2019-07-30 10:28:40 [main] [o.a.catalina.core.StandardEngine] ====message: Starting Servlet engine: [Apache Tomcat/9.0.21]
[INFO ] 2019-07-30 10:28:40 [main] [o.a.c.c.C.[Tomcat].[localhost].[/]] ====message: Initializing Spring embedded WebApplicationContext
[INFO ] 2019-07-30 10:28:40 [main] [o.s.web.context.ContextLoader] ====message: Root WebApplicationContext: initialization completed in 2173 ms
[INFO ] 2019-07-30 10:28:40 [main] [o.s.s.c.ThreadPoolTaskExecutor] ====message: Initializing ExecutorService 'applicationTaskExecutor'
[INFO ] 2019-07-30 10:28:40 [main] [org.quartz.impl.StdSchedulerFactory] ====message: Using default implementation for ThreadExecutor
[INFO ] 2019-07-30 10:28:40 [main] [o.quartz.core.SchedulerSignalerImpl] ====message: Initialized Scheduler Signaller of type: class org.quartz.core.SchedulerSignalerImpl
[INFO ] 2019-07-30 10:28:40 [main] [org.quartz.core.QuartzScheduler] ====message: Quartz Scheduler v.2.3.1 created.
[INFO ] 2019-07-30 10:28:40 [main] [org.quartz.simpl.RAMJobStore] ====message: RAMJobStore initialized.
[INFO ] 2019-07-30 10:28:40 [main] [org.quartz.core.QuartzScheduler] ====message: Scheduler meta-data: Quartz Scheduler (v2.3.1) 'quartzScheduler' with instanceId 'NON_CLUSTERED'
  Scheduler class: 'org.quartz.core.QuartzScheduler' - running locally.
  NOT STARTED.
  Currently in standby mode.
  Number of jobs executed: 0
  Using thread pool 'org.quartz.simpl.SimpleThreadPool' - with 10 threads.
  Using job-store 'org.quartz.simpl.RAMJobStore' - which does not support persistence. and is not clustered.

[INFO ] 2019-07-30 10:28:40 [main] [org.quartz.impl.StdSchedulerFactory] ====message: Quartz scheduler 'quartzScheduler' initialized from an externally provided properties instance.
[INFO ] 2019-07-30 10:28:40 [main] [org.quartz.impl.StdSchedulerFactory] ====message: Quartz scheduler version: 2.3.1
[INFO ] 2019-07-30 10:28:40 [main] [org.quartz.core.QuartzScheduler] ====message: JobFactory set to: org.springframework.scheduling.quartz.SpringBeanJobFactory@d1608f
[INFO ] 2019-07-30 10:28:40 [main] [o.s.s.c.ThreadPoolTaskScheduler] ====message: Initializing ExecutorService 'taskScheduler'
[INFO ] 2019-07-30 10:28:40 [main] [o.s.s.quartz.SchedulerFactoryBean] ====message: Starting Quartz Scheduler now
[INFO ] 2019-07-30 10:28:40 [main] [org.quartz.core.QuartzScheduler] ====message: Scheduler quartzScheduler_$_NON_CLUSTERED started.
[INFO ] 2019-07-30 10:28:40 [main] [o.a.coyote.http11.Http11NioProtocol] ====message: Starting ProtocolHandler ["http-nio-8080"]
[INFO ] 2019-07-30 10:28:40 [main] [o.a.coyote.http11.Http11NioProtocol] ====message: Pausing ProtocolHandler ["http-nio-8080"]
[INFO ] 2019-07-30 10:28:40 [main] [o.a.catalina.core.StandardService] ====message: Stopping service [Tomcat]
[INFO ] 2019-07-30 10:28:40 [main] [o.apache.catalina.util.LifecycleBase] ====message: The stop() method was called on component [StandardServer[-1]] after stop() had already been called. The second call will be ignored.
[INFO ] 2019-07-30 10:28:40 [main] [o.a.coyote.http11.Http11NioProtocol] ====message: Stopping ProtocolHandler ["http-nio-8080"]
[INFO ] 2019-07-30 10:28:40 [main] [o.a.coyote.http11.Http11NioProtocol] ====message: Destroying ProtocolHandler ["http-nio-8080"]
[INFO ] 2019-07-30 10:28:40 [main] [o.s.b.a.l.ConditionEvaluationReportLoggingListener] ====message: 

Error starting ApplicationContext. To display the conditions report re-run your application with 'debug' enabled.
[INFO ] 2019-07-30 10:28:40 [main] [org.quartz.core.QuartzScheduler] ====message: Scheduler quartzScheduler_$_NON_CLUSTERED paused.
[INFO ] 2019-07-30 10:28:40 [main] [o.s.s.c.ThreadPoolTaskScheduler] ====message: Shutting down ExecutorService 'taskScheduler'
[INFO ] 2019-07-30 10:28:40 [main] [o.s.s.quartz.SchedulerFactoryBean] ====message: Shutting down Quartz Scheduler
[INFO ] 2019-07-30 10:28:40 [main] [org.quartz.core.QuartzScheduler] ====message: Scheduler quartzScheduler_$_NON_CLUSTERED shutting down.
[INFO ] 2019-07-30 10:28:40 [main] [org.quartz.core.QuartzScheduler] ====message: Scheduler quartzScheduler_$_NON_CLUSTERED paused.
[INFO ] 2019-07-30 10:28:40 [main] [org.quartz.core.QuartzScheduler] ====message: Scheduler quartzScheduler_$_NON_CLUSTERED shutdown complete.
[INFO ] 2019-07-30 10:28:40 [main] [o.s.s.c.ThreadPoolTaskExecutor] ====message: Shutting down ExecutorService 'applicationTaskExecutor'
[INFO ] 2019-07-30 10:29:17 [main] [com.metlife.ams.CheckfsApplication] ====message: Starting CheckfsApplication on CNSZIDCXD0108 with PID 53532 (D:\JavaDevelopment\eclipse\workspace\checkfs\target\classes started by change in D:\JavaDevelopment\eclipse\workspace\checkfs)
[INFO ] 2019-07-30 10:29:17 [main] [com.metlife.ams.CheckfsApplication] ====message: The following profiles are active: uat
[INFO ] 2019-07-30 10:29:17 [main] [o.s.b.w.e.tomcat.TomcatWebServer] ====message: Tomcat initialized with port(s): 8080 (http)
[INFO ] 2019-07-30 10:29:17 [main] [o.a.coyote.http11.Http11NioProtocol] ====message: Initializing ProtocolHandler ["http-nio-8080"]
[INFO ] 2019-07-30 10:29:17 [main] [o.a.catalina.core.StandardService] ====message: Starting service [Tomcat]
[INFO ] 2019-07-30 10:29:17 [main] [o.a.catalina.core.StandardEngine] ====message: Starting Servlet engine: [Apache Tomcat/9.0.21]
[INFO ] 2019-07-30 10:29:17 [main] [o.a.c.c.C.[Tomcat].[localhost].[/]] ====message: Initializing Spring embedded WebApplicationContext
[INFO ] 2019-07-30 10:29:17 [main] [o.s.web.context.ContextLoader] ====message: Root WebApplicationContext: initialization completed in 2081 ms
[INFO ] 2019-07-30 10:29:17 [main] [o.s.s.c.ThreadPoolTaskExecutor] ====message: Initializing ExecutorService 'applicationTaskExecutor'
[INFO ] 2019-07-30 10:29:17 [main] [org.quartz.impl.StdSchedulerFactory] ====message: Using default implementation for ThreadExecutor
[INFO ] 2019-07-30 10:29:17 [main] [o.quartz.core.SchedulerSignalerImpl] ====message: Initialized Scheduler Signaller of type: class org.quartz.core.SchedulerSignalerImpl
[INFO ] 2019-07-30 10:29:17 [main] [org.quartz.core.QuartzScheduler] ====message: Quartz Scheduler v.2.3.1 created.
[INFO ] 2019-07-30 10:29:17 [main] [org.quartz.simpl.RAMJobStore] ====message: RAMJobStore initialized.
[INFO ] 2019-07-30 10:29:17 [main] [org.quartz.core.QuartzScheduler] ====message: Scheduler meta-data: Quartz Scheduler (v2.3.1) 'quartzScheduler' with instanceId 'NON_CLUSTERED'
  Scheduler class: 'org.quartz.core.QuartzScheduler' - running locally.
  NOT STARTED.
  Currently in standby mode.
  Number of jobs executed: 0
  Using thread pool 'org.quartz.simpl.SimpleThreadPool' - with 10 threads.
  Using job-store 'org.quartz.simpl.RAMJobStore' - which does not support persistence. and is not clustered.

[INFO ] 2019-07-30 10:29:17 [main] [org.quartz.impl.StdSchedulerFactory] ====message: Quartz scheduler 'quartzScheduler' initialized from an externally provided properties instance.
[INFO ] 2019-07-30 10:29:17 [main] [org.quartz.impl.StdSchedulerFactory] ====message: Quartz scheduler version: 2.3.1
[INFO ] 2019-07-30 10:29:17 [main] [org.quartz.core.QuartzScheduler] ====message: JobFactory set to: org.springframework.scheduling.quartz.SpringBeanJobFactory@56232d
[INFO ] 2019-07-30 10:29:17 [main] [o.s.s.c.ThreadPoolTaskScheduler] ====message: Initializing ExecutorService 'taskScheduler'
[INFO ] 2019-07-30 10:29:17 [main] [o.s.s.quartz.SchedulerFactoryBean] ====message: Starting Quartz Scheduler now
[INFO ] 2019-07-30 10:29:17 [main] [org.quartz.core.QuartzScheduler] ====message: Scheduler quartzScheduler_$_NON_CLUSTERED started.
[INFO ] 2019-07-30 10:29:17 [main] [o.a.coyote.http11.Http11NioProtocol] ====message: Starting ProtocolHandler ["http-nio-8080"]
[INFO ] 2019-07-30 10:29:17 [main] [o.s.b.w.e.tomcat.TomcatWebServer] ====message: Tomcat started on port(s): 8080 (http) with context path ''
[INFO ] 2019-07-30 10:29:17 [main] [com.metlife.ams.CheckfsApplication] ====message: Started CheckfsApplication in 4.324 seconds (JVM running for 5.897)
[INFO ] 2019-07-30 10:29:17 [scheduling-1] [com.metlife.ams.service.FSService] ====message: select top 1 fileLocal from fsrecords where makedate like '2019-07-30%'
[INFO ] 2019-07-30 10:29:17 [scheduling-1] [com.metlife.ams.service.FSService] ====message: /app/WebSphere/AppServer/usr/servers/CDR-UAT/dropins/GPWebServiceES.war/WEB-INF/classes/1-FundSwitchFile/PORTINT2019072901REQ.txt
[INFO ] 2019-07-30 10:29:17 [scheduling-1] [com.metlife.ams.service.FSService] ====message: 文件校验为空
[INFO ] 2019-07-30 10:29:17 [RMI TCP Connection(9)-127.0.0.1] [o.s.b.a.SpringApplicationAdminMXBeanRegistrar$SpringApplicationAdmin] ====message: Application shutdown requested.
[INFO ] 2019-07-30 10:29:17 [RMI TCP Connection(9)-127.0.0.1] [org.quartz.core.QuartzScheduler] ====message: Scheduler quartzScheduler_$_NON_CLUSTERED paused.
[INFO ] 2019-07-30 10:29:17 [RMI TCP Connection(9)-127.0.0.1] [o.s.s.c.ThreadPoolTaskScheduler] ====message: Shutting down ExecutorService 'taskScheduler'
[INFO ] 2019-07-30 10:29:17 [RMI TCP Connection(9)-127.0.0.1] [o.s.s.quartz.SchedulerFactoryBean] ====message: Shutting down Quartz Scheduler
[INFO ] 2019-07-30 10:29:17 [RMI TCP Connection(9)-127.0.0.1] [org.quartz.core.QuartzScheduler] ====message: Scheduler quartzScheduler_$_NON_CLUSTERED shutting down.
[INFO ] 2019-07-30 10:29:17 [RMI TCP Connection(9)-127.0.0.1] [org.quartz.core.QuartzScheduler] ====message: Scheduler quartzScheduler_$_NON_CLUSTERED paused.
[INFO ] 2019-07-30 10:29:17 [RMI TCP Connection(9)-127.0.0.1] [org.quartz.core.QuartzScheduler] ====message: Scheduler quartzScheduler_$_NON_CLUSTERED shutdown complete.
[INFO ] 2019-07-30 10:29:17 [RMI TCP Connection(9)-127.0.0.1] [o.s.s.c.ThreadPoolTaskExecutor] ====message: Shutting down ExecutorService 'applicationTaskExecutor'
[INFO ] 2019-07-30 10:34:01 [main] [com.metlife.ams.CheckfsApplication] ====message: Starting CheckfsApplication on CNSZIDCXD0108 with PID 54080 (D:\JavaDevelopment\eclipse\workspace\checkfs\target\classes started by change in D:\JavaDevelopment\eclipse\workspace\checkfs)
[INFO ] 2019-07-30 10:34:01 [main] [com.metlife.ams.CheckfsApplication] ====message: The following profiles are active: uat
[INFO ] 2019-07-30 10:34:24 [main] [com.metlife.ams.CheckfsApplication] ====message: Starting CheckfsApplication on CNSZIDCXD0108 with PID 54120 (D:\JavaDevelopment\eclipse\workspace\checkfs\target\classes started by change in D:\JavaDevelopment\eclipse\workspace\checkfs)
[INFO ] 2019-07-30 10:34:24 [main] [com.metlife.ams.CheckfsApplication] ====message: The following profiles are active: uat
[INFO ] 2019-07-30 10:34:24 [main] [o.s.b.w.e.tomcat.TomcatWebServer] ====message: Tomcat initialized with port(s): 8080 (http)
[INFO ] 2019-07-30 10:34:24 [main] [o.a.coyote.http11.Http11NioProtocol] ====message: Initializing ProtocolHandler ["http-nio-8080"]
[INFO ] 2019-07-30 10:34:24 [main] [o.a.catalina.core.StandardService] ====message: Starting service [Tomcat]
[INFO ] 2019-07-30 10:34:24 [main] [o.a.catalina.core.StandardEngine] ====message: Starting Servlet engine: [Apache Tomcat/9.0.21]
[INFO ] 2019-07-30 10:34:24 [main] [o.a.c.c.C.[Tomcat].[localhost].[/]] ====message: Initializing Spring embedded WebApplicationContext
[INFO ] 2019-07-30 10:34:24 [main] [o.s.web.context.ContextLoader] ====message: Root WebApplicationContext: initialization completed in 2118 ms
[INFO ] 2019-07-30 10:34:24 [main] [o.s.s.c.ThreadPoolTaskExecutor] ====message: Initializing ExecutorService 'applicationTaskExecutor'
[INFO ] 2019-07-30 10:34:24 [main] [org.quartz.impl.StdSchedulerFactory] ====message: Using default implementation for ThreadExecutor
[INFO ] 2019-07-30 10:34:24 [main] [o.quartz.core.SchedulerSignalerImpl] ====message: Initialized Scheduler Signaller of type: class org.quartz.core.SchedulerSignalerImpl
[INFO ] 2019-07-30 10:34:24 [main] [org.quartz.core.QuartzScheduler] ====message: Quartz Scheduler v.2.3.1 created.
[INFO ] 2019-07-30 10:34:24 [main] [org.quartz.simpl.RAMJobStore] ====message: RAMJobStore initialized.
[INFO ] 2019-07-30 10:34:24 [main] [org.quartz.core.QuartzScheduler] ====message: Scheduler meta-data: Quartz Scheduler (v2.3.1) 'quartzScheduler' with instanceId 'NON_CLUSTERED'
  Scheduler class: 'org.quartz.core.QuartzScheduler' - running locally.
  NOT STARTED.
  Currently in standby mode.
  Number of jobs executed: 0
  Using thread pool 'org.quartz.simpl.SimpleThreadPool' - with 10 threads.
  Using job-store 'org.quartz.simpl.RAMJobStore' - which does not support persistence. and is not clustered.

[INFO ] 2019-07-30 10:34:24 [main] [org.quartz.impl.StdSchedulerFactory] ====message: Quartz scheduler 'quartzScheduler' initialized from an externally provided properties instance.
[INFO ] 2019-07-30 10:34:24 [main] [org.quartz.impl.StdSchedulerFactory] ====message: Quartz scheduler version: 2.3.1
[INFO ] 2019-07-30 10:34:24 [main] [org.quartz.core.QuartzScheduler] ====message: JobFactory set to: org.springframework.scheduling.quartz.SpringBeanJobFactory@14c4eaa
[INFO ] 2019-07-30 10:34:24 [main] [o.s.s.c.ThreadPoolTaskScheduler] ====message: Initializing ExecutorService 'taskScheduler'
[INFO ] 2019-07-30 10:34:24 [main] [o.s.s.quartz.SchedulerFactoryBean] ====message: Starting Quartz Scheduler now
[INFO ] 2019-07-30 10:34:24 [main] [org.quartz.core.QuartzScheduler] ====message: Scheduler quartzScheduler_$_NON_CLUSTERED started.
[INFO ] 2019-07-30 10:34:24 [main] [o.a.coyote.http11.Http11NioProtocol] ====message: Starting ProtocolHandler ["http-nio-8080"]
[INFO ] 2019-07-30 10:34:24 [main] [o.s.b.w.e.tomcat.TomcatWebServer] ====message: Tomcat started on port(s): 8080 (http) with context path ''
[INFO ] 2019-07-30 10:34:24 [main] [com.metlife.ams.CheckfsApplication] ====message: Started CheckfsApplication in 4.363 seconds (JVM running for 5.841)
[INFO ] 2019-07-30 10:34:24 [scheduling-1] [com.metlife.ams.service.FSService] ====message: select top 1 fileLocal from fsrecords where makedate like '2019-07-30%'
[INFO ] 2019-07-30 10:34:24 [scheduling-1] [com.metlife.ams.service.FSService] ====message: /app/WebSphere/AppServer/usr/servers/CDR-UAT/dropins/GPWebServiceES.war/WEB-INF/classes/1-FundSwitchFile/PORTINT2019072901REQ.txt
[INFO ] 2019-07-30 10:34:24 [scheduling-1] [com.metlife.ams.service.FSService] ====message: 文件校验为空
[INFO ] 2019-07-30 10:34:24 [RMI TCP Connection(9)-127.0.0.1] [o.s.b.a.SpringApplicationAdminMXBeanRegistrar$SpringApplicationAdmin] ====message: Application shutdown requested.
[INFO ] 2019-07-30 10:34:24 [RMI TCP Connection(9)-127.0.0.1] [org.quartz.core.QuartzScheduler] ====message: Scheduler quartzScheduler_$_NON_CLUSTERED paused.
[INFO ] 2019-07-30 10:34:24 [RMI TCP Connection(9)-127.0.0.1] [o.s.s.c.ThreadPoolTaskScheduler] ====message: Shutting down ExecutorService 'taskScheduler'
[INFO ] 2019-07-30 10:34:24 [RMI TCP Connection(9)-127.0.0.1] [o.s.s.quartz.SchedulerFactoryBean] ====message: Shutting down Quartz Scheduler
[INFO ] 2019-07-30 10:34:24 [RMI TCP Connection(9)-127.0.0.1] [org.quartz.core.QuartzScheduler] ====message: Scheduler quartzScheduler_$_NON_CLUSTERED shutting down.
[INFO ] 2019-07-30 10:34:24 [RMI TCP Connection(9)-127.0.0.1] [org.quartz.core.QuartzScheduler] ====message: Scheduler quartzScheduler_$_NON_CLUSTERED paused.
[INFO ] 2019-07-30 10:34:24 [RMI TCP Connection(9)-127.0.0.1] [org.quartz.core.QuartzScheduler] ====message: Scheduler quartzScheduler_$_NON_CLUSTERED shutdown complete.
[INFO ] 2019-07-30 10:34:24 [RMI TCP Connection(9)-127.0.0.1] [o.s.s.c.ThreadPoolTaskExecutor] ====message: Shutting down ExecutorService 'applicationTaskExecutor'
[INFO ] 2019-07-30 10:39:53 [main] [com.metlife.ams.CheckfsApplication] ====message: Starting CheckfsApplication on CNSZIDCXD0108 with PID 30272 (D:\JavaDevelopment\eclipse\workspace\checkfs\target\classes started by change in D:\JavaDevelopment\eclipse\workspace\checkfs)
[INFO ] 2019-07-30 10:39:53 [main] [com.metlife.ams.CheckfsApplication] ====message: The following profiles are active: uat
[INFO ] 2019-07-30 10:39:53 [main] [o.s.b.w.e.tomcat.TomcatWebServer] ====message: Tomcat initialized with port(s): 8080 (http)
[INFO ] 2019-07-30 10:39:53 [main] [o.a.coyote.http11.Http11NioProtocol] ====message: Initializing ProtocolHandler ["http-nio-8080"]
[INFO ] 2019-07-30 10:39:53 [main] [o.a.catalina.core.StandardService] ====message: Starting service [Tomcat]
[INFO ] 2019-07-30 10:39:53 [main] [o.a.catalina.core.StandardEngine] ====message: Starting Servlet engine: [Apache Tomcat/9.0.21]
[INFO ] 2019-07-30 10:39:53 [main] [o.a.c.c.C.[Tomcat].[localhost].[/]] ====message: Initializing Spring embedded WebApplicationContext
[INFO ] 2019-07-30 10:39:53 [main] [o.s.web.context.ContextLoader] ====message: Root WebApplicationContext: initialization completed in 2058 ms
[INFO ] 2019-07-30 10:39:53 [main] [o.s.s.c.ThreadPoolTaskExecutor] ====message: Initializing ExecutorService 'applicationTaskExecutor'
[INFO ] 2019-07-30 10:39:53 [main] [org.quartz.impl.StdSchedulerFactory] ====message: Using default implementation for ThreadExecutor
[INFO ] 2019-07-30 10:39:53 [main] [o.quartz.core.SchedulerSignalerImpl] ====message: Initialized Scheduler Signaller of type: class org.quartz.core.SchedulerSignalerImpl
[INFO ] 2019-07-30 10:39:53 [main] [org.quartz.core.QuartzScheduler] ====message: Quartz Scheduler v.2.3.1 created.
[INFO ] 2019-07-30 10:39:53 [main] [org.quartz.simpl.RAMJobStore] ====message: RAMJobStore initialized.
[INFO ] 2019-07-30 10:39:53 [main] [org.quartz.core.QuartzScheduler] ====message: Scheduler meta-data: Quartz Scheduler (v2.3.1) 'quartzScheduler' with instanceId 'NON_CLUSTERED'
  Scheduler class: 'org.quartz.core.QuartzScheduler' - running locally.
  NOT STARTED.
  Currently in standby mode.
  Number of jobs executed: 0
  Using thread pool 'org.quartz.simpl.SimpleThreadPool' - with 10 threads.
  Using job-store 'org.quartz.simpl.RAMJobStore' - which does not support persistence. and is not clustered.

[INFO ] 2019-07-30 10:39:53 [main] [org.quartz.impl.StdSchedulerFactory] ====message: Quartz scheduler 'quartzScheduler' initialized from an externally provided properties instance.
[INFO ] 2019-07-30 10:39:53 [main] [org.quartz.impl.StdSchedulerFactory] ====message: Quartz scheduler version: 2.3.1
[INFO ] 2019-07-30 10:39:53 [main] [org.quartz.core.QuartzScheduler] ====message: JobFactory set to: org.springframework.scheduling.quartz.SpringBeanJobFactory@1cd7bc5
[INFO ] 2019-07-30 10:39:53 [main] [o.s.s.c.ThreadPoolTaskScheduler] ====message: Initializing ExecutorService 'taskScheduler'
[INFO ] 2019-07-30 10:39:53 [main] [o.s.s.quartz.SchedulerFactoryBean] ====message: Starting Quartz Scheduler now
[INFO ] 2019-07-30 10:39:53 [main] [org.quartz.core.QuartzScheduler] ====message: Scheduler quartzScheduler_$_NON_CLUSTERED started.
[INFO ] 2019-07-30 10:39:53 [main] [o.a.coyote.http11.Http11NioProtocol] ====message: Starting ProtocolHandler ["http-nio-8080"]
[INFO ] 2019-07-30 10:39:53 [main] [o.s.b.w.e.tomcat.TomcatWebServer] ====message: Tomcat started on port(s): 8080 (http) with context path ''
[INFO ] 2019-07-30 10:39:53 [main] [com.metlife.ams.CheckfsApplication] ====message: Started CheckfsApplication in 4.325 seconds (JVM running for 5.809)
[INFO ] 2019-07-30 10:39:53 [scheduling-1] [com.metlife.ams.service.FSService] ====message: select top 1 fileLocal from fsrecords where makedate like '2019-07-30%'
[INFO ] 2019-07-30 10:39:53 [scheduling-1] [com.metlife.ams.service.FSService] ====message: /app/WebSphere/AppServer/usr/servers/CDR-UAT/dropins/GPWebServiceES.war/WEB-INF/classes/1-FundSwitchFile/PORTINT2019072901REQ.txt
[INFO ] 2019-07-30 10:39:53 [scheduling-1] [com.metlife.ams.service.FSService] ====message: 文件校验为空
[INFO ] 2019-07-30 10:39:53 [RMI TCP Connection(10)-127.0.0.1] [o.s.b.a.SpringApplicationAdminMXBeanRegistrar$SpringApplicationAdmin] ====message: Application shutdown requested.
[INFO ] 2019-07-30 10:39:53 [RMI TCP Connection(10)-127.0.0.1] [org.quartz.core.QuartzScheduler] ====message: Scheduler quartzScheduler_$_NON_CLUSTERED paused.
[INFO ] 2019-07-30 10:39:53 [RMI TCP Connection(10)-127.0.0.1] [o.s.s.c.ThreadPoolTaskScheduler] ====message: Shutting down ExecutorService 'taskScheduler'
[INFO ] 2019-07-30 10:39:53 [RMI TCP Connection(10)-127.0.0.1] [o.s.s.quartz.SchedulerFactoryBean] ====message: Shutting down Quartz Scheduler
[INFO ] 2019-07-30 10:39:53 [RMI TCP Connection(10)-127.0.0.1] [org.quartz.core.QuartzScheduler] ====message: Scheduler quartzScheduler_$_NON_CLUSTERED shutting down.
[INFO ] 2019-07-30 10:39:53 [RMI TCP Connection(10)-127.0.0.1] [org.quartz.core.QuartzScheduler] ====message: Scheduler quartzScheduler_$_NON_CLUSTERED paused.
[INFO ] 2019-07-30 10:39:53 [RMI TCP Connection(10)-127.0.0.1] [org.quartz.core.QuartzScheduler] ====message: Scheduler quartzScheduler_$_NON_CLUSTERED shutdown complete.
[INFO ] 2019-07-30 10:39:53 [RMI TCP Connection(10)-127.0.0.1] [o.s.s.c.ThreadPoolTaskExecutor] ====message: Shutting down ExecutorService 'applicationTaskExecutor'
[INFO ] 2019-07-30 10:45:56 [main] [c.m.ams.CheckfsApplicationTests] ====message: Starting CheckfsApplicationTests on CNSZIDCXD0108 with PID 11956 (started by change in D:\JavaDevelopment\eclipse\workspace\checkfs)
[INFO ] 2019-07-30 10:45:56 [main] [c.m.ams.CheckfsApplicationTests] ====message: The following profiles are active: uat
[INFO ] 2019-07-30 10:45:56 [main] [o.s.s.c.ThreadPoolTaskExecutor] ====message: Initializing ExecutorService 'applicationTaskExecutor'
[INFO ] 2019-07-30 10:45:56 [main] [org.quartz.impl.StdSchedulerFactory] ====message: Using default implementation for ThreadExecutor
[INFO ] 2019-07-30 10:45:56 [main] [o.quartz.core.SchedulerSignalerImpl] ====message: Initialized Scheduler Signaller of type: class org.quartz.core.SchedulerSignalerImpl
[INFO ] 2019-07-30 10:45:56 [main] [org.quartz.core.QuartzScheduler] ====message: Quartz Scheduler v.2.3.1 created.
[INFO ] 2019-07-30 10:45:56 [main] [org.quartz.simpl.RAMJobStore] ====message: RAMJobStore initialized.
[INFO ] 2019-07-30 10:45:56 [main] [org.quartz.core.QuartzScheduler] ====message: Scheduler meta-data: Quartz Scheduler (v2.3.1) 'quartzScheduler' with instanceId 'NON_CLUSTERED'
  Scheduler class: 'org.quartz.core.QuartzScheduler' - running locally.
  NOT STARTED.
  Currently in standby mode.
  Number of jobs executed: 0
  Using thread pool 'org.quartz.simpl.SimpleThreadPool' - with 10 threads.
  Using job-store 'org.quartz.simpl.RAMJobStore' - which does not support persistence. and is not clustered.

[INFO ] 2019-07-30 10:45:56 [main] [org.quartz.impl.StdSchedulerFactory] ====message: Quartz scheduler 'quartzScheduler' initialized from an externally provided properties instance.
[INFO ] 2019-07-30 10:45:56 [main] [org.quartz.impl.StdSchedulerFactory] ====message: Quartz scheduler version: 2.3.1
[INFO ] 2019-07-30 10:45:56 [main] [org.quartz.core.QuartzScheduler] ====message: JobFactory set to: org.springframework.scheduling.quartz.SpringBeanJobFactory@1d37f1c
[INFO ] 2019-07-30 10:45:56 [main] [o.s.s.c.ThreadPoolTaskScheduler] ====message: Initializing ExecutorService 'taskScheduler'
[INFO ] 2019-07-30 10:45:56 [main] [o.s.s.quartz.SchedulerFactoryBean] ====message: Starting Quartz Scheduler now
[INFO ] 2019-07-30 10:45:56 [main] [org.quartz.core.QuartzScheduler] ====message: Scheduler quartzScheduler_$_NON_CLUSTERED started.
[INFO ] 2019-07-30 10:45:56 [main] [c.m.ams.CheckfsApplicationTests] ====message: Started CheckfsApplicationTests in 4.595 seconds (JVM running for 6.375)
[INFO ] 2019-07-30 10:45:56 [Thread-2] [org.quartz.core.QuartzScheduler] ====message: Scheduler quartzScheduler_$_NON_CLUSTERED paused.
[INFO ] 2019-07-30 10:45:56 [Thread-2] [o.s.s.c.ThreadPoolTaskScheduler] ====message: Shutting down ExecutorService 'taskScheduler'
[INFO ] 2019-07-30 10:45:56 [Thread-2] [o.s.s.quartz.SchedulerFactoryBean] ====message: Shutting down Quartz Scheduler
[INFO ] 2019-07-30 10:45:56 [Thread-2] [org.quartz.core.QuartzScheduler] ====message: Scheduler quartzScheduler_$_NON_CLUSTERED shutting down.
[INFO ] 2019-07-30 10:45:56 [Thread-2] [org.quartz.core.QuartzScheduler] ====message: Scheduler quartzScheduler_$_NON_CLUSTERED paused.
[INFO ] 2019-07-30 10:45:56 [Thread-2] [org.quartz.core.QuartzScheduler] ====message: Scheduler quartzScheduler_$_NON_CLUSTERED shutdown complete.
[INFO ] 2019-07-30 10:45:56 [Thread-2] [o.s.s.c.ThreadPoolTaskExecutor] ====message: Shutting down ExecutorService 'applicationTaskExecutor'
[INFO ] 2019-07-30 12:01:23 [main] [com.metlife.ams.CheckfsApplication] ====message: Starting CheckfsApplication on CNSZIDCXD0108 with PID 27856 (D:\JavaDevelopment\eclipse\workspace\checkfs\target\classes started by change in D:\JavaDevelopment\eclipse\workspace\checkfs)
[INFO ] 2019-07-30 12:01:23 [main] [com.metlife.ams.CheckfsApplication] ====message: The following profiles are active: uat
[INFO ] 2019-07-30 12:01:23 [main] [o.s.b.w.e.tomcat.TomcatWebServer] ====message: Tomcat initialized with port(s): 8080 (http)
[INFO ] 2019-07-30 12:01:23 [main] [o.a.coyote.http11.Http11NioProtocol] ====message: Initializing ProtocolHandler ["http-nio-8080"]
[INFO ] 2019-07-30 12:01:23 [main] [o.a.catalina.core.StandardService] ====message: Starting service [Tomcat]
[INFO ] 2019-07-30 12:01:23 [main] [o.a.catalina.core.StandardEngine] ====message: Starting Servlet engine: [Apache Tomcat/9.0.21]
[INFO ] 2019-07-30 12:01:23 [main] [o.a.c.c.C.[Tomcat].[localhost].[/]] ====message: Initializing Spring embedded WebApplicationContext
[INFO ] 2019-07-30 12:01:23 [main] [o.s.web.context.ContextLoader] ====message: Root WebApplicationContext: initialization completed in 4577 ms
[INFO ] 2019-07-30 12:01:23 [main] [o.s.s.c.ThreadPoolTaskExecutor] ====message: Initializing ExecutorService 'applicationTaskExecutor'
[INFO ] 2019-07-30 12:01:23 [main] [org.quartz.impl.StdSchedulerFactory] ====message: Using default implementation for ThreadExecutor
[INFO ] 2019-07-30 12:01:23 [main] [o.quartz.core.SchedulerSignalerImpl] ====message: Initialized Scheduler Signaller of type: class org.quartz.core.SchedulerSignalerImpl
[INFO ] 2019-07-30 12:01:23 [main] [org.quartz.core.QuartzScheduler] ====message: Quartz Scheduler v.2.3.1 created.
[INFO ] 2019-07-30 12:01:23 [main] [org.quartz.simpl.RAMJobStore] ====message: RAMJobStore initialized.
[INFO ] 2019-07-30 12:01:23 [main] [org.quartz.core.QuartzScheduler] ====message: Scheduler meta-data: Quartz Scheduler (v2.3.1) 'quartzScheduler' with instanceId 'NON_CLUSTERED'
  Scheduler class: 'org.quartz.core.QuartzScheduler' - running locally.
  NOT STARTED.
  Currently in standby mode.
  Number of jobs executed: 0
  Using thread pool 'org.quartz.simpl.SimpleThreadPool' - with 10 threads.
  Using job-store 'org.quartz.simpl.RAMJobStore' - which does not support persistence. and is not clustered.

[INFO ] 2019-07-30 12:01:23 [main] [org.quartz.impl.StdSchedulerFactory] ====message: Quartz scheduler 'quartzScheduler' initialized from an externally provided properties instance.
[INFO ] 2019-07-30 12:01:23 [main] [org.quartz.impl.StdSchedulerFactory] ====message: Quartz scheduler version: 2.3.1
[INFO ] 2019-07-30 12:01:23 [main] [org.quartz.core.QuartzScheduler] ====message: JobFactory set to: org.springframework.scheduling.quartz.SpringBeanJobFactory@e126d1
[INFO ] 2019-07-30 12:01:23 [main] [o.s.s.c.ThreadPoolTaskScheduler] ====message: Initializing ExecutorService 'taskScheduler'
[INFO ] 2019-07-30 12:01:23 [main] [o.s.s.quartz.SchedulerFactoryBean] ====message: Starting Quartz Scheduler now
[INFO ] 2019-07-30 12:01:23 [main] [org.quartz.core.QuartzScheduler] ====message: Scheduler quartzScheduler_$_NON_CLUSTERED started.
[INFO ] 2019-07-30 12:01:23 [main] [o.a.coyote.http11.Http11NioProtocol] ====message: Starting ProtocolHandler ["http-nio-8080"]
[INFO ] 2019-07-30 12:01:23 [main] [o.s.b.w.e.tomcat.TomcatWebServer] ====message: Tomcat started on port(s): 8080 (http) with context path ''
[INFO ] 2019-07-30 12:01:23 [main] [com.metlife.ams.CheckfsApplication] ====message: Started CheckfsApplication in 9.454 seconds (JVM running for 16.791)
[INFO ] 2019-07-30 12:01:23 [scheduling-1] [com.metlife.ams.service.FSService] ====message: select top 1 fileLocal from fsrecords where makedate like '2019-07-30%'
[INFO ] 2019-07-30 12:01:23 [scheduling-1] [com.metlife.ams.service.FSService] ====message: D:\FundSwitchFile\PORTINT2019073001REQ.txt
[INFO ] 2019-07-30 12:01:23 [scheduling-1] [com.metlife.ams.service.FSService] ====message: 文件校验为空
[INFO ] 2019-07-30 12:01:23 [RMI TCP Connection(5)-127.0.0.1] [o.s.b.a.SpringApplicationAdminMXBeanRegistrar$SpringApplicationAdmin] ====message: Application shutdown requested.
[INFO ] 2019-07-30 12:01:23 [RMI TCP Connection(5)-127.0.0.1] [org.quartz.core.QuartzScheduler] ====message: Scheduler quartzScheduler_$_NON_CLUSTERED paused.
[INFO ] 2019-07-30 12:01:23 [RMI TCP Connection(5)-127.0.0.1] [o.s.s.c.ThreadPoolTaskScheduler] ====message: Shutting down ExecutorService 'taskScheduler'
[INFO ] 2019-07-30 12:01:23 [RMI TCP Connection(5)-127.0.0.1] [o.s.s.quartz.SchedulerFactoryBean] ====message: Shutting down Quartz Scheduler
[INFO ] 2019-07-30 12:01:23 [RMI TCP Connection(5)-127.0.0.1] [org.quartz.core.QuartzScheduler] ====message: Scheduler quartzScheduler_$_NON_CLUSTERED shutting down.
[INFO ] 2019-07-30 12:01:23 [RMI TCP Connection(5)-127.0.0.1] [org.quartz.core.QuartzScheduler] ====message: Scheduler quartzScheduler_$_NON_CLUSTERED paused.
[INFO ] 2019-07-30 12:01:23 [RMI TCP Connection(5)-127.0.0.1] [org.quartz.core.QuartzScheduler] ====message: Scheduler quartzScheduler_$_NON_CLUSTERED shutdown complete.
[INFO ] 2019-07-30 12:01:23 [RMI TCP Connection(5)-127.0.0.1] [o.s.s.c.ThreadPoolTaskExecutor] ====message: Shutting down ExecutorService 'applicationTaskExecutor'
[INFO ] 2019-07-30 16:41:15 [main] [com.metlife.ams.CheckfsApplication] ====message: Starting CheckfsApplication on CNSZIDCXD0108 with PID 14156 (D:\JavaDevelopment\eclipse\workspace\checkfs\target\classes started by change in D:\JavaDevelopment\eclipse\workspace\checkfs)
[INFO ] 2019-07-30 16:41:15 [main] [com.metlife.ams.CheckfsApplication] ====message: The following profiles are active: uat
[INFO ] 2019-07-30 16:41:15 [main] [o.s.b.w.e.tomcat.TomcatWebServer] ====message: Tomcat initialized with port(s): 8080 (http)
[INFO ] 2019-07-30 16:41:15 [main] [o.a.coyote.http11.Http11NioProtocol] ====message: Initializing ProtocolHandler ["http-nio-8080"]
[INFO ] 2019-07-30 16:41:15 [main] [o.a.catalina.core.StandardService] ====message: Starting service [Tomcat]
[INFO ] 2019-07-30 16:41:15 [main] [o.a.catalina.core.StandardEngine] ====message: Starting Servlet engine: [Apache Tomcat/9.0.21]
[INFO ] 2019-07-30 16:41:15 [main] [o.a.c.c.C.[Tomcat].[localhost].[/]] ====message: Initializing Spring embedded WebApplicationContext
[INFO ] 2019-07-30 16:41:15 [main] [o.s.web.context.ContextLoader] ====message: Root WebApplicationContext: initialization completed in 3126 ms
[INFO ] 2019-07-30 16:41:15 [main] [o.s.s.c.ThreadPoolTaskExecutor] ====message: Initializing ExecutorService 'applicationTaskExecutor'
[INFO ] 2019-07-30 16:41:15 [main] [org.quartz.impl.StdSchedulerFactory] ====message: Using default implementation for ThreadExecutor
[INFO ] 2019-07-30 16:41:15 [main] [o.quartz.core.SchedulerSignalerImpl] ====message: Initialized Scheduler Signaller of type: class org.quartz.core.SchedulerSignalerImpl
[INFO ] 2019-07-30 16:41:15 [main] [org.quartz.core.QuartzScheduler] ====message: Quartz Scheduler v.2.3.1 created.
[INFO ] 2019-07-30 16:41:15 [main] [org.quartz.simpl.RAMJobStore] ====message: RAMJobStore initialized.
[INFO ] 2019-07-30 16:41:15 [main] [org.quartz.core.QuartzScheduler] ====message: Scheduler meta-data: Quartz Scheduler (v2.3.1) 'quartzScheduler' with instanceId 'NON_CLUSTERED'
  Scheduler class: 'org.quartz.core.QuartzScheduler' - running locally.
  NOT STARTED.
  Currently in standby mode.
  Number of jobs executed: 0
  Using thread pool 'org.quartz.simpl.SimpleThreadPool' - with 10 threads.
  Using job-store 'org.quartz.simpl.RAMJobStore' - which does not support persistence. and is not clustered.

[INFO ] 2019-07-30 16:41:15 [main] [org.quartz.impl.StdSchedulerFactory] ====message: Quartz scheduler 'quartzScheduler' initialized from an externally provided properties instance.
[INFO ] 2019-07-30 16:41:15 [main] [org.quartz.impl.StdSchedulerFactory] ====message: Quartz scheduler version: 2.3.1
[INFO ] 2019-07-30 16:41:15 [main] [org.quartz.core.QuartzScheduler] ====message: JobFactory set to: org.springframework.scheduling.quartz.SpringBeanJobFactory@7f3cfd
[INFO ] 2019-07-30 16:41:15 [main] [o.s.s.c.ThreadPoolTaskScheduler] ====message: Initializing ExecutorService 'taskScheduler'
[INFO ] 2019-07-30 16:41:15 [main] [o.s.s.quartz.SchedulerFactoryBean] ====message: Starting Quartz Scheduler now
[INFO ] 2019-07-30 16:41:15 [main] [org.quartz.core.QuartzScheduler] ====message: Scheduler quartzScheduler_$_NON_CLUSTERED started.
[INFO ] 2019-07-30 16:41:15 [main] [o.a.coyote.http11.Http11NioProtocol] ====message: Starting ProtocolHandler ["http-nio-8080"]
[INFO ] 2019-07-30 16:41:15 [main] [o.s.b.w.e.tomcat.TomcatWebServer] ====message: Tomcat started on port(s): 8080 (http) with context path ''
[INFO ] 2019-07-30 16:41:15 [main] [com.metlife.ams.CheckfsApplication] ====message: Started CheckfsApplication in 6.455 seconds (JVM running for 12.116)
[INFO ] 2019-07-30 16:41:15 [http-nio-8080-exec-1] [o.a.c.c.C.[Tomcat].[localhost].[/]] ====message: Initializing Spring DispatcherServlet 'dispatcherServlet'
[INFO ] 2019-07-30 16:41:15 [http-nio-8080-exec-1] [o.s.web.servlet.DispatcherServlet] ====message: Initializing Servlet 'dispatcherServlet'
[INFO ] 2019-07-30 16:41:15 [http-nio-8080-exec-1] [o.s.web.servlet.DispatcherServlet] ====message: Completed initialization in 14 ms
[INFO ] 2019-07-30 16:41:15 [http-nio-8080-exec-4] [com.metlife.ams.service.FSService] ====message: select top 1 fileLocal from fsrecords where makedate like '2019-07-30%'
[INFO ] 2019-07-30 16:41:15 [RMI TCP Connection(13)-127.0.0.1] [o.s.b.a.SpringApplicationAdminMXBeanRegistrar$SpringApplicationAdmin] ====message: Application shutdown requested.
[INFO ] 2019-07-30 16:41:15 [RMI TCP Connection(13)-127.0.0.1] [org.quartz.core.QuartzScheduler] ====message: Scheduler quartzScheduler_$_NON_CLUSTERED paused.
[INFO ] 2019-07-30 16:41:15 [RMI TCP Connection(13)-127.0.0.1] [o.s.s.c.ThreadPoolTaskScheduler] ====message: Shutting down ExecutorService 'taskScheduler'
[INFO ] 2019-07-30 16:41:15 [RMI TCP Connection(13)-127.0.0.1] [o.s.s.quartz.SchedulerFactoryBean] ====message: Shutting down Quartz Scheduler
[INFO ] 2019-07-30 16:41:15 [RMI TCP Connection(13)-127.0.0.1] [org.quartz.core.QuartzScheduler] ====message: Scheduler quartzScheduler_$_NON_CLUSTERED shutting down.
[INFO ] 2019-07-30 16:41:15 [RMI TCP Connection(13)-127.0.0.1] [org.quartz.core.QuartzScheduler] ====message: Scheduler quartzScheduler_$_NON_CLUSTERED paused.
[INFO ] 2019-07-30 16:41:15 [RMI TCP Connection(13)-127.0.0.1] [org.quartz.core.QuartzScheduler] ====message: Scheduler quartzScheduler_$_NON_CLUSTERED shutdown complete.
[INFO ] 2019-07-30 16:41:15 [RMI TCP Connection(13)-127.0.0.1] [o.s.s.c.ThreadPoolTaskExecutor] ====message: Shutting down ExecutorService 'applicationTaskExecutor'
[INFO ] 2019-07-30 16:59:48 [main] [com.metlife.ams.CheckfsApplication] ====message: Starting CheckfsApplication on CNSZIDCXD0108 with PID 20400 (D:\JavaDevelopment\eclipse\workspace\checkfs\target\classes started by change in D:\JavaDevelopment\eclipse\workspace\checkfs)
[INFO ] 2019-07-30 16:59:48 [main] [com.metlife.ams.CheckfsApplication] ====message: The following profiles are active: uat
[INFO ] 2019-07-30 16:59:48 [main] [o.s.b.w.e.tomcat.TomcatWebServer] ====message: Tomcat initialized with port(s): 8080 (http)
[INFO ] 2019-07-30 16:59:48 [main] [o.a.coyote.http11.Http11NioProtocol] ====message: Initializing ProtocolHandler ["http-nio-8080"]
[INFO ] 2019-07-30 16:59:48 [main] [o.a.catalina.core.StandardService] ====message: Starting service [Tomcat]
[INFO ] 2019-07-30 16:59:48 [main] [o.a.catalina.core.StandardEngine] ====message: Starting Servlet engine: [Apache Tomcat/9.0.21]
[INFO ] 2019-07-30 16:59:48 [main] [o.a.c.c.C.[Tomcat].[localhost].[/]] ====message: Initializing Spring embedded WebApplicationContext
[INFO ] 2019-07-30 16:59:48 [main] [o.s.web.context.ContextLoader] ====message: Root WebApplicationContext: initialization completed in 2831 ms
[INFO ] 2019-07-30 16:59:48 [main] [o.s.s.c.ThreadPoolTaskExecutor] ====message: Initializing ExecutorService 'applicationTaskExecutor'
[INFO ] 2019-07-30 16:59:48 [main] [org.quartz.impl.StdSchedulerFactory] ====message: Using default implementation for ThreadExecutor
[INFO ] 2019-07-30 16:59:48 [main] [o.quartz.core.SchedulerSignalerImpl] ====message: Initialized Scheduler Signaller of type: class org.quartz.core.SchedulerSignalerImpl
[INFO ] 2019-07-30 16:59:48 [main] [org.quartz.core.QuartzScheduler] ====message: Quartz Scheduler v.2.3.1 created.
[INFO ] 2019-07-30 16:59:48 [main] [org.quartz.simpl.RAMJobStore] ====message: RAMJobStore initialized.
[INFO ] 2019-07-30 16:59:48 [main] [org.quartz.core.QuartzScheduler] ====message: Scheduler meta-data: Quartz Scheduler (v2.3.1) 'quartzScheduler' with instanceId 'NON_CLUSTERED'
  Scheduler class: 'org.quartz.core.QuartzScheduler' - running locally.
  NOT STARTED.
  Currently in standby mode.
  Number of jobs executed: 0
  Using thread pool 'org.quartz.simpl.SimpleThreadPool' - with 10 threads.
  Using job-store 'org.quartz.simpl.RAMJobStore' - which does not support persistence. and is not clustered.

[INFO ] 2019-07-30 16:59:48 [main] [org.quartz.impl.StdSchedulerFactory] ====message: Quartz scheduler 'quartzScheduler' initialized from an externally provided properties instance.
[INFO ] 2019-07-30 16:59:48 [main] [org.quartz.impl.StdSchedulerFactory] ====message: Quartz scheduler version: 2.3.1
[INFO ] 2019-07-30 16:59:48 [main] [org.quartz.core.QuartzScheduler] ====message: JobFactory set to: org.springframework.scheduling.quartz.SpringBeanJobFactory@157dbb5
[INFO ] 2019-07-30 16:59:48 [main] [o.s.s.c.ThreadPoolTaskScheduler] ====message: Initializing ExecutorService 'taskScheduler'
[INFO ] 2019-07-30 16:59:48 [main] [o.s.s.quartz.SchedulerFactoryBean] ====message: Starting Quartz Scheduler now
[INFO ] 2019-07-30 16:59:48 [main] [org.quartz.core.QuartzScheduler] ====message: Scheduler quartzScheduler_$_NON_CLUSTERED started.
[INFO ] 2019-07-30 16:59:48 [main] [o.a.coyote.http11.Http11NioProtocol] ====message: Starting ProtocolHandler ["http-nio-8080"]
[INFO ] 2019-07-30 16:59:48 [main] [o.s.b.w.e.tomcat.TomcatWebServer] ====message: Tomcat started on port(s): 8080 (http) with context path ''
[INFO ] 2019-07-30 16:59:48 [main] [com.metlife.ams.CheckfsApplication] ====message: Started CheckfsApplication in 5.951 seconds (JVM running for 10.323)
[INFO ] 2019-07-30 16:59:48 [http-nio-8080-exec-1] [o.a.c.c.C.[Tomcat].[localhost].[/]] ====message: Initializing Spring DispatcherServlet 'dispatcherServlet'
[INFO ] 2019-07-30 16:59:48 [http-nio-8080-exec-1] [o.s.web.servlet.DispatcherServlet] ====message: Initializing Servlet 'dispatcherServlet'
[INFO ] 2019-07-30 16:59:48 [http-nio-8080-exec-1] [o.s.web.servlet.DispatcherServlet] ====message: Completed initialization in 35 ms
[INFO ] 2019-07-30 16:59:48 [http-nio-8080-exec-1] [com.metlife.ams.service.FSService] ====message: select top 1 fileLocal from fsrecords(nolock) where makedate like '2019-07-30%'
[INFO ] 2019-07-30 16:59:48 [http-nio-8080-exec-1] [com.metlife.ams.service.FSService] ====message: /app/WebSphere/AppServer/usr/servers/CDR-UAT/dropins/GPWebServiceES.war/WEB-INF/classes/1-FundSwitchFile/PORTINT2019073001REQ.txt
[INFO ] 2019-07-30 17:04:33 [main] [c.m.ams.CheckfsApplicationTests] ====message: Starting CheckfsApplicationTests on CNSZIDCXD0108 with PID 49620 (started by change in D:\JavaDevelopment\eclipse\workspace\checkfs)
[INFO ] 2019-07-30 17:04:33 [main] [c.m.ams.CheckfsApplicationTests] ====message: The following profiles are active: uat
[INFO ] 2019-07-30 17:04:33 [main] [o.s.s.c.ThreadPoolTaskExecutor] ====message: Initializing ExecutorService 'applicationTaskExecutor'
[INFO ] 2019-07-30 17:04:33 [main] [org.quartz.impl.StdSchedulerFactory] ====message: Using default implementation for ThreadExecutor
[INFO ] 2019-07-30 17:04:33 [main] [o.quartz.core.SchedulerSignalerImpl] ====message: Initialized Scheduler Signaller of type: class org.quartz.core.SchedulerSignalerImpl
[INFO ] 2019-07-30 17:04:33 [main] [org.quartz.core.QuartzScheduler] ====message: Quartz Scheduler v.2.3.1 created.
[INFO ] 2019-07-30 17:04:33 [main] [org.quartz.simpl.RAMJobStore] ====message: RAMJobStore initialized.
[INFO ] 2019-07-30 17:04:33 [main] [org.quartz.core.QuartzScheduler] ====message: Scheduler meta-data: Quartz Scheduler (v2.3.1) 'quartzScheduler' with instanceId 'NON_CLUSTERED'
  Scheduler class: 'org.quartz.core.QuartzScheduler' - running locally.
  NOT STARTED.
  Currently in standby mode.
  Number of jobs executed: 0
  Using thread pool 'org.quartz.simpl.SimpleThreadPool' - with 10 threads.
  Using job-store 'org.quartz.simpl.RAMJobStore' - which does not support persistence. and is not clustered.

[INFO ] 2019-07-30 17:04:33 [main] [org.quartz.impl.StdSchedulerFactory] ====message: Quartz scheduler 'quartzScheduler' initialized from an externally provided properties instance.
[INFO ] 2019-07-30 17:04:33 [main] [org.quartz.impl.StdSchedulerFactory] ====message: Quartz scheduler version: 2.3.1
[INFO ] 2019-07-30 17:04:33 [main] [org.quartz.core.QuartzScheduler] ====message: JobFactory set to: org.springframework.scheduling.quartz.SpringBeanJobFactory@958360
[INFO ] 2019-07-30 17:04:33 [main] [o.s.s.c.ThreadPoolTaskScheduler] ====message: Initializing ExecutorService 'taskScheduler'
[INFO ] 2019-07-30 17:04:33 [main] [o.s.s.quartz.SchedulerFactoryBean] ====message: Starting Quartz Scheduler now
[INFO ] 2019-07-30 17:04:33 [main] [org.quartz.core.QuartzScheduler] ====message: Scheduler quartzScheduler_$_NON_CLUSTERED started.
[INFO ] 2019-07-30 17:04:33 [main] [c.m.ams.CheckfsApplicationTests] ====message: Started CheckfsApplicationTests in 6.513 seconds (JVM running for 10.771)
[INFO ] 2019-07-30 17:04:33 [Thread-2] [org.quartz.core.QuartzScheduler] ====message: Scheduler quartzScheduler_$_NON_CLUSTERED paused.
[INFO ] 2019-07-30 17:04:33 [Thread-2] [o.s.s.c.ThreadPoolTaskScheduler] ====message: Shutting down ExecutorService 'taskScheduler'
[INFO ] 2019-07-30 17:04:33 [Thread-2] [o.s.s.quartz.SchedulerFactoryBean] ====message: Shutting down Quartz Scheduler
[INFO ] 2019-07-30 17:04:33 [Thread-2] [org.quartz.core.QuartzScheduler] ====message: Scheduler quartzScheduler_$_NON_CLUSTERED shutting down.
[INFO ] 2019-07-30 17:04:33 [Thread-2] [org.quartz.core.QuartzScheduler] ====message: Scheduler quartzScheduler_$_NON_CLUSTERED paused.
[INFO ] 2019-07-30 17:04:33 [Thread-2] [org.quartz.core.QuartzScheduler] ====message: Scheduler quartzScheduler_$_NON_CLUSTERED shutdown complete.
[INFO ] 2019-07-30 17:04:33 [Thread-2] [o.s.s.c.ThreadPoolTaskExecutor] ====message: Shutting down ExecutorService 'applicationTaskExecutor'
